\BOOKMARK [-1][-]{part.1}{\376\377\000I\000\040\000M\000e\000t\000a\000t\000r\000o\000n\000\040\000D\000i\000s\000c\000o\000v\000e\000r\000y}{}% 1
\BOOKMARK [0][-]{chapter.1}{\376\377\265\024\302\244\316\344\274\204\271\254\000\040\320\065\254\000\307\164\264\334}{part.1}% 2
\BOOKMARK [1][-]{section.1.1}{\376\377\000S\000t\000e\000p\0001\000.\000\040\263\160\307\164\321\060\000\040\301\214\302\244\000\040\271\314\264\344\256\060}{chapter.1}% 3
\BOOKMARK [1][-]{section.1.2}{\376\377\000S\000t\000e\000p\0002\000.\000\040\306\314\320\154\275\201\000\040\271\314\264\344\256\060}{chapter.1}% 4
\BOOKMARK [1][-]{section.1.3}{\376\377\000S\000t\000e\000p\0003\000.\000\040\263\000\302\334\274\364\264\334\000\040\255\154\301\061\325\130\256\060}{chapter.1}% 5
\BOOKMARK [0][-]{chapter.2}{\376\377\000M\000e\000t\000a\000t\000r\000o\000n\000\040\000D\000i\000s\000c\000o\000v\000e\000r\000y\000\040\301\214\254\034}{part.1}% 6
\BOOKMARK [1][-]{section.2.1}{\376\377\000M\000e\000t\000a\000t\000r\000o\000n\000\040\000D\000i\000s\000c\000o\000v\000e\000r\000y\000\040\254\034\306\224}{chapter.2}% 7
\BOOKMARK [1][-]{section.2.2}{\376\377\000M\000e\000t\000a\000t\000r\000o\000n\000\040\000D\000i\000s\000c\000o\000v\000e\000r\000y\000\040\255\154\301\061}{chapter.2}% 8
\BOOKMARK [1][-]{section.2.3}{\376\377\000M\000e\000t\000a\000t\000r\000o\000n\000\040\256\060\274\370\000\040\305\324\311\304\000:\000\040\000D\000r\000u\000i\000d}{chapter.2}% 9
\BOOKMARK [0][-]{chapter.3}{\376\377\263\160\307\164\321\060\000\040\255\000\271\254}{part.1}% 10
\BOOKMARK [1][-]{section.3.1}{\376\377\263\160\307\164\321\060\000\040\301\214\302\244}{chapter.3}% 11
\BOOKMARK [1][-]{section.3.2}{\376\377\263\160\307\164\321\060\000\040\316\344\261\045\301\130}{chapter.3}% 12
\BOOKMARK [1][-]{section.3.3}{\376\377\263\160\307\164\321\060\000\040\272\250\262\310\321\060\271\301}{chapter.3}% 13
\BOOKMARK [0][-]{chapter.4}{\376\377\306\314\320\154\302\244\323\230\307\164\302\244}{part.1}% 14
\BOOKMARK [1][-]{section.4.1}{\376\377\306\314\320\154\302\244\323\230\307\164\302\244\000\040\326\110}{chapter.4}% 15
\BOOKMARK [1][-]{section.4.2}{\376\377\254\365\307\040\000\040\306\314\320\154\302\244\323\230\307\164\302\244}{chapter.4}% 16
\BOOKMARK [0][-]{chapter.5}{\376\377\306\314\320\154\275\201}{part.1}% 17
\BOOKMARK [1][-]{section.5.1}{\376\377\306\314\320\154\275\201\000\040\271\314\264\344\256\060}{chapter.5}% 18
\BOOKMARK [1][-]{section.5.2}{\376\377\263\000\302\334\274\364\264\334}{chapter.5}% 19
\BOOKMARK [1][-]{section.5.3}{\376\377\314\050\322\270}{chapter.5}% 20
\BOOKMARK [1][-]{section.5.4}{\376\377\325\104\321\060}{chapter.5}% 21
\BOOKMARK [0][-]{chapter.6}{\376\377\261\170\322\270\275\201}{part.1}% 22
\BOOKMARK [1][-]{section.6.1}{\376\377\261\170\322\270\275\201\000\040\301\034\274\204\000\040\255\000\271\254}{chapter.6}% 23
\BOOKMARK [1][-]{section.6.2}{\376\377\261\170\322\270\275\201\000\040\301\034\274\204\000\040\264\361\270\135\325\130\256\060}{chapter.6}% 24
\BOOKMARK [1][-]{section.6.3}{\376\377\302\340\255\334\000\040\261\170\322\270\275\201\000\040\300\335\301\061\325\130\256\060}{chapter.6}% 25
\BOOKMARK [1][-]{section.6.4}{\376\377\261\170\322\270\275\201\000\040\326\134\306\251\325\130\256\060}{chapter.6}% 26
\BOOKMARK [0][-]{chapter.7}{\376\377\306\314\320\154\274\244\316\130}{part.1}% 27
\BOOKMARK [1][-]{section.7.1}{\376\377\306\314\320\154\274\244\316\130\000\040\271\314\264\344\256\060}{chapter.7}% 28
\BOOKMARK [1][-]{section.7.2}{\376\377\306\314\320\154\274\244\316\130\000\040\300\254\306\251\325\130\256\060}{chapter.7}% 29
\BOOKMARK [0][-]{chapter.8}{\376\377\263\160\307\164\321\060\000\040\325\004\271\254\323\174\270\010\307\164\301\130}{part.1}% 30
\BOOKMARK [1][-]{section.8.1}{\376\377\263\160\307\164\321\060\301\113\000\040\271\314\264\344\256\060}{chapter.8}% 31
\BOOKMARK [1][-]{section.8.2}{\376\377\263\160\307\164\321\060\325\014\270\134\306\260\000\040\255\000\271\254\325\130\256\060}{chapter.8}% 32
\BOOKMARK [1][-]{section.8.3}{\376\377\263\160\307\164\321\060\000\040\302\244\260\305\300\367\000\040\254\260\254\374\000\040\307\164\306\251\325\130\256\060}{chapter.8}% 33
\BOOKMARK [0][-]{chapter.9}{\376\377\254\304\310\025\000\040\255\000\271\254}{part.1}% 34
\BOOKMARK [1][-]{section.9.1}{\376\377\272\144\274\204\302\175\000\040\302\271\307\170}{chapter.9}% 35
\BOOKMARK [1][-]{section.9.2}{\376\377\272\144\274\204}{chapter.9}% 36
\BOOKMARK [1][-]{section.9.3}{\376\377\255\370\270\371}{chapter.9}% 37
\BOOKMARK [1][-]{section.9.4}{\376\377\300\254\306\251\307\220\000\040\255\214\325\134}{chapter.9}% 38
\BOOKMARK [0][-]{chapter.10}{\376\377\263\160\307\164\321\060\000\040\320\320\300\311}{part.1}% 39
\BOOKMARK [1][-]{section.10.1}{\376\377\263\160\307\164\321\060\000\040\320\320\300\311\325\130\256\060}{chapter.10}% 40
\BOOKMARK [1][-]{section.10.2}{\376\377\272\124\320\300\263\160\307\164\321\060\000\040\255\000\271\254\325\130\256\060}{chapter.10}% 41
\BOOKMARK [1][-]{section.10.3}{\376\377\000C\000o\000l\000u\000m\000n\000\040\000D\000i\000c\000t\000i\000o\000n\000a\000r\000y}{chapter.10}% 42
\BOOKMARK [1][-]{section.10.4}{\376\377\000C\000o\000d\000e\000\040\000T\000a\000b\000l\000e}{chapter.10}% 43
\BOOKMARK [0][-]{chapter.11}{\376\377\305\324\311\304\000\040\272\250\262\310\321\060\271\301}{part.1}% 44
\BOOKMARK [1][-]{section.11.1}{\376\377\000O\000v\000e\000r\000v\000i\000e\000w}{chapter.11}% 45
\BOOKMARK [1][-]{section.11.2}{\376\377\000I\000n\000g\000e\000s\000t\000i\000o\000n}{chapter.11}% 46
\BOOKMARK [1][-]{section.11.3}{\376\377\000Q\000u\000e\000r\000y}{chapter.11}% 47
\BOOKMARK [-1][-]{part.2}{\376\377\000I\000I\000\040\000E\000X\000-\000p\000a\000c\000k\000\040\000f\000o\000r\000\040\000W\000o\000r\000k\000f\000l\000o\000w\000\040\000I\000n\000t\000e\000g\000r\000a\000t\000o\000r}{}% 48
\BOOKMARK [0][-]{chapter.12}{\376\377\000I\000n\000t\000e\000g\000r\000a\000t\000o\000r\000\040\326\125\307\245\323\051\000\040\301\214\254\034}{part.2}% 49
\BOOKMARK [0][-]{chapter.13}{\376\377\306\314\320\154\325\014\270\134\306\260\000\040\271\254\302\244\322\270}{part.2}% 50
\BOOKMARK [0][-]{chapter.14}{\376\377\306\314\320\154\325\014\270\134\306\260\000\040\305\320\265\024\321\060}{part.2}% 51
\BOOKMARK [1][-]{section.14.1}{\376\377\305\141\301\130\000\040\261\170\264\334}{chapter.14}% 52
\BOOKMARK [1][-]{section.14.2}{\376\377\310\034\305\264\000\040\327\120\271\204\000\040\261\170\264\334}{chapter.14}% 53
\BOOKMARK [1][-]{section.14.3}{\376\377\306\314\320\154\325\014\270\134\306\260\000\040\302\344\325\211\000\040\306\010\305\175\325\130\256\060}{chapter.14}% 54
\BOOKMARK [0][-]{chapter.15}{\376\377\272\250\262\310\321\060\271\301}{part.2}% 55
\BOOKMARK [0][-]{chapter.16}{\376\377\000U\000s\000e\000\040\000C\000a\000s\000e}{part.2}% 56
\BOOKMARK [1][-]{section.16.1}{\376\377\263\160\307\164\321\060\000\040\301\214\302\244\000\040\310\001\307\254\000\040\307\004\307\204}{chapter.16}% 57
\BOOKMARK [1][-]{section.16.2}{\376\377\306\314\320\154\274\244\316\130\306\100\000\040\305\360\254\304}{chapter.16}% 58
\BOOKMARK [1][-]{section.16.3}{\376\377\263\160\307\164\321\060\000\040\325\004\271\254\323\174\270\010\307\164\301\130\254\374\000\040\305\360\254\304}{chapter.16}% 59
\BOOKMARK [-1][-]{part.3}{\376\377\000I\000I\000I\000\040\000E\000X\000-\000p\000a\000c\000k\000\040\000f\000o\000r\000\040\000A\000n\000o\000m\000a\000l\000y\000\040\000D\000e\000t\000e\000c\000t\000i\000o\000n}{}% 60
\BOOKMARK [0][-]{chapter.17}{\376\377\000A\000n\000o\000m\000a\000l\000y\000\040\326\125\307\245\323\051\000\040\301\214\254\034}{part.3}% 61
\BOOKMARK [1][-]{section.17.1}{\376\377\256\060\274\370\000\040\306\320\271\254}{chapter.17}% 62
\BOOKMARK [1][-]{section.17.2}{\376\377\310\374\306\224\000\040\256\060\262\245}{chapter.17}% 63
\BOOKMARK [1][-]{section.17.3}{\376\377\255\154\310\160}{chapter.17}% 64
\BOOKMARK [0][-]{chapter.18}{\376\377\305\114\267\214\000\040\270\360\000\040\271\314\264\344\256\060}{part.3}% 65
\BOOKMARK [1][-]{section.18.1}{\376\377\263\160\307\164\321\060\000\040\301\214\302\244\000\040\301\040\310\025}{chapter.18}% 66
\BOOKMARK [1][-]{section.18.2}{\376\377\272\250\262\310\321\060\271\301\325\140\000\040\311\300\324\134\000\040\301\040\320\335\325\130\256\060}{chapter.18}% 67
\BOOKMARK [1][-]{section.18.3}{\376\377\322\270\270\010\307\164\262\335\000\040\256\060\254\004\000\040\301\044\310\025\325\130\256\060}{chapter.18}% 68
\BOOKMARK [1][-]{section.18.4}{\376\377\272\250\263\170\000\040\301\040\320\335\325\130\256\060}{chapter.18}% 69
\BOOKMARK [1][-]{section.18.5}{\376\377\305\114\267\214\000\040\270\360\000\040\310\160\254\164\000\040\301\044\310\025\325\130\256\060}{chapter.18}% 70
\BOOKMARK [1][-]{section.18.6}{\376\377\305\114\267\214\000\040\270\360\000\040\306\104\301\061\325\130\256\060}{chapter.18}% 71
\BOOKMARK [0][-]{chapter.19}{\376\377\321\265\254\304}{part.3}% 72
\BOOKMARK [0][-]{chapter.20}{\376\377\305\204\267\214\000\040\270\360\000\040\260\264\305\355\000\040\305\364\267\214\000\267\302\030\310\025\325\130\256\060}{part.3}% 73
\BOOKMARK [1][-]{section.20.1}{\376\377\305\114\267\214\000\040\270\360\000\040\271\254\302\244\322\270}{chapter.20}% 74
\BOOKMARK [1][-]{section.20.2}{\376\377\305\114\267\214\000\040\270\360\000\040\300\301\301\070}{chapter.20}% 75
\BOOKMARK [0][-]{chapter.21}{\376\377\305\114\267\214\000\040\260\264\305\355\000\040\305\364\267\214\325\130\256\060}{part.3}% 76
\BOOKMARK [1][-]{section.21.1}{\376\377\305\114\267\214\000\040\271\254\302\244\322\270}{chapter.21}% 77
\BOOKMARK [1][-]{section.21.2}{\376\377\305\114\267\214\000\040\300\301\301\070}{chapter.21}% 78
