This is XeTeX, Version 3.14159265-2.6-0.999991 (TeX Live 2019) (preloaded format=xelatex 2019.5.21)  20 NOV 2019 18:09
entering extended mode
 restricted \write18 enabled.
 %&-line parsing enabled.
**metatron-doc-user.tex
(./metatron-doc-user.tex
LaTeX2e <2018-12-01>
(./sphinxmanual.cls
Document Class: sphinxmanual 2018/12/23 v2.0 Document class (Sphinx manual)
(/usr/local/texlive/2019/texmf-dist/tex/latex/base/report.cls
Document Class: report 2018/09/03 v1.4i Standard LaTeX document class
(/usr/local/texlive/2019/texmf-dist/tex/latex/base/size10.clo
File: size10.clo 2018/09/03 v1.4i Standard LaTeX file (size option)
)
\c@part=\count80
\c@chapter=\count81
\c@section=\count82
\c@subsection=\count83
\c@subsubsection=\count84
\c@paragraph=\count85
\c@subparagraph=\count86
\c@figure=\count87
\c@table=\count88
\abovecaptionskip=\skip41
\belowcaptionskip=\skip42
\bibindent=\dimen102
))
\sphinxpxdimen=\dimen103

(/usr/local/texlive/2019/texmf-dist/tex/latex/cmap/cmap.sty
Package: cmap 2008/03/06 v1.0h CMap support: searchable PDF


Package cmap Warning: pdftex not detected - exiting.

) (/usr/local/texlive/2019/texmf-dist/tex/latex/fontspec/fontspec.sty
(/usr/local/texlive/2019/texmf-dist/tex/latex/l3packages/xparse/xparse.sty
(/usr/local/texlive/2019/texmf-dist/tex/latex/l3kernel/expl3.sty
Package: expl3 2019-05-07 L3 programming layer (loader) 

(/usr/local/texlive/2019/texmf-dist/tex/latex/l3kernel/expl3-code.tex
Package: expl3 2019-05-07 L3 programming layer (code)
\c_max_int=\count89
\l_tmpa_int=\count90
\l_tmpb_int=\count91
\g_tmpa_int=\count92
\g_tmpb_int=\count93
\g__kernel_prg_map_int=\count94
\c__ior_term_ior=\count95
\c_log_iow=\count96
\l_iow_line_count_int=\count97
\l__iow_line_target_int=\count98
\l__iow_one_indent_int=\count99
\l__iow_indent_int=\count100
\c_zero_dim=\dimen104
\c_max_dim=\dimen105
\l_tmpa_dim=\dimen106
\l_tmpb_dim=\dimen107
\g_tmpa_dim=\dimen108
\g_tmpb_dim=\dimen109
\c_zero_skip=\skip43
\c_max_skip=\skip44
\l_tmpa_skip=\skip45
\l_tmpb_skip=\skip46
\g_tmpa_skip=\skip47
\g_tmpb_skip=\skip48
\c_zero_muskip=\muskip10
\c_max_muskip=\muskip11
\l_tmpa_muskip=\muskip12
\l_tmpb_muskip=\muskip13
\g_tmpa_muskip=\muskip14
\g_tmpb_muskip=\muskip15
\l_keys_choice_int=\count101
\l__intarray_loop_int=\count102
\c__intarray_sp_dim=\dimen110
\g__intarray_font_int=\count103
\c__fp_leading_shift_int=\count104
\c__fp_middle_shift_int=\count105
\c__fp_trailing_shift_int=\count106
\c__fp_big_leading_shift_int=\count107
\c__fp_big_middle_shift_int=\count108
\c__fp_big_trailing_shift_int=\count109
\c__fp_Bigg_leading_shift_int=\count110
\c__fp_Bigg_middle_shift_int=\count111
\c__fp_Bigg_trailing_shift_int=\count112
\g__fp_array_int=\count113
\l__fp_array_loop_int=\count114
\l__sort_length_int=\count115
\l__sort_min_int=\count116
\l__sort_top_int=\count117
\l__sort_max_int=\count118
\l__sort_true_max_int=\count119
\l__sort_block_int=\count120
\l__sort_begin_int=\count121
\l__sort_end_int=\count122
\l__sort_A_int=\count123
\l__sort_B_int=\count124
\l__sort_C_int=\count125
\l__tl_analysis_normal_int=\count126
\l__tl_analysis_index_int=\count127
\l__tl_analysis_nesting_int=\count128
\l__tl_analysis_type_int=\count129
\l__regex_internal_a_int=\count130
\l__regex_internal_b_int=\count131
\l__regex_internal_c_int=\count132
\l__regex_balance_int=\count133
\l__regex_group_level_int=\count134
\l__regex_mode_int=\count135
\c__regex_cs_in_class_mode_int=\count136
\c__regex_cs_mode_int=\count137
\l__regex_catcodes_int=\count138
\l__regex_default_catcodes_int=\count139
\c__regex_catcode_L_int=\count140
\c__regex_catcode_O_int=\count141
\c__regex_catcode_A_int=\count142
\c__regex_all_catcodes_int=\count143
\l__regex_show_lines_int=\count144
\l__regex_min_state_int=\count145
\l__regex_max_state_int=\count146
\l__regex_left_state_int=\count147
\l__regex_right_state_int=\count148
\l__regex_capturing_group_int=\count149
\l__regex_min_pos_int=\count150
\l__regex_max_pos_int=\count151
\l__regex_curr_pos_int=\count152
\l__regex_start_pos_int=\count153
\l__regex_success_pos_int=\count154
\l__regex_curr_char_int=\count155
\l__regex_curr_catcode_int=\count156
\l__regex_last_char_int=\count157
\l__regex_case_changed_char_int=\count158
\l__regex_curr_state_int=\count159
\l__regex_step_int=\count160
\l__regex_min_active_int=\count161
\l__regex_max_active_int=\count162
\l__regex_replacement_csnames_int=\count163
\l__regex_match_count_int=\count164
\l__regex_min_submatch_int=\count165
\l__regex_submatch_int=\count166
\l__regex_zeroth_submatch_int=\count167
\g__regex_trace_regex_int=\count168
\c_empty_box=\box27
\l_tmpa_box=\box28
\l_tmpb_box=\box29
\g_tmpa_box=\box30
\g_tmpb_box=\box31
\l__box_top_dim=\dimen111
\l__box_bottom_dim=\dimen112
\l__box_left_dim=\dimen113
\l__box_right_dim=\dimen114
\l__box_top_new_dim=\dimen115
\l__box_bottom_new_dim=\dimen116
\l__box_left_new_dim=\dimen117
\l__box_right_new_dim=\dimen118
\l__box_internal_box=\box32
\l__coffin_internal_box=\box33
\l__coffin_internal_dim=\dimen119
\l__coffin_offset_x_dim=\dimen120
\l__coffin_offset_y_dim=\dimen121
\l__coffin_x_dim=\dimen122
\l__coffin_y_dim=\dimen123
\l__coffin_x_prime_dim=\dimen124
\l__coffin_y_prime_dim=\dimen125
\c_empty_coffin=\box34
\l__coffin_aligned_coffin=\box35
\l__coffin_aligned_internal_coffin=\box36
\l_tmpa_coffin=\box37
\l_tmpb_coffin=\box38
\g_tmpa_coffin=\box39
\g_tmpb_coffin=\box40
\l__coffin_bounding_shift_dim=\dimen126
\l__coffin_left_corner_dim=\dimen127
\l__coffin_right_corner_dim=\dimen128
\l__coffin_bottom_corner_dim=\dimen129
\l__coffin_top_corner_dim=\dimen130
\l__coffin_scaled_total_height_dim=\dimen131
\l__coffin_scaled_width_dim=\dimen132
\c__coffin_empty_coffin=\box41
\l__coffin_display_coffin=\box42
\l__coffin_display_coord_coffin=\box43
\l__coffin_display_pole_coffin=\box44
\l__coffin_display_offset_dim=\dimen133
\l__coffin_display_x_dim=\dimen134
\l__coffin_display_y_dim=\dimen135
\g__file_internal_ior=\read1
\l__seq_internal_a_int=\count169
\l__seq_internal_b_int=\count170
\c__deprecation_minus_one=\count171
)
(/usr/local/texlive/2019/texmf-dist/tex/latex/l3kernel/l3xdvipdfmx.def
File: l3xdvipdfmx.def 2019-04-06 v L3 Experimental driver: xdvipdfmx
\g__driver_image_int=\count172
\l__driver_pdf_tmp_box=\box45
\g__driver_pdf_object_int=\count173
\g__driver_pdf_annotation_int=\count174
))
Package: xparse 2019-05-03 L3 Experimental document command parser
\l__xparse_current_arg_int=\count175
\g__xparse_grabber_int=\count176
\l__xparse_m_args_int=\count177
\l__xparse_v_nesting_int=\count178
)
Package: fontspec 2019/03/15 v2.7c Font selection for XeLaTeX and LuaLaTeX

(/usr/local/texlive/2019/texmf-dist/tex/latex/fontspec/fontspec-xetex.sty
Package: fontspec-xetex 2019/03/15 v2.7c Font selection for XeLaTeX and LuaLaTe
X
\l__fontspec_script_int=\count179
\l__fontspec_language_int=\count180
\l__fontspec_strnum_int=\count181
\l__fontspec_tmp_int=\count182
\l__fontspec_tmpa_int=\count183
\l__fontspec_tmpb_int=\count184
\l__fontspec_tmpc_int=\count185
\l__fontspec_em_int=\count186
\l__fontspec_emdef_int=\count187
\l__fontspec_strong_int=\count188
\l__fontspec_strongdef_int=\count189
\l__fontspec_tmpa_dim=\dimen136
\l__fontspec_tmpb_dim=\dimen137
\l__fontspec_tmpc_dim=\dimen138

(/usr/local/texlive/2019/texmf-dist/tex/latex/base/fontenc.sty
Package: fontenc 2018/08/11 v2.0j Standard LaTeX package

(/usr/local/texlive/2019/texmf-dist/tex/latex/base/tuenc.def
File: tuenc.def 2018/08/11 v2.0j Standard LaTeX file
LaTeX Font Info:    Redeclaring font encoding TU on input line 82.
))
(/usr/local/texlive/2019/texmf-dist/tex/latex/fontspec/fontspec.cfg)
LaTeX Info: Redefining \itshape on input line 4051.
LaTeX Info: Redefining \slshape on input line 4056.
LaTeX Info: Redefining \scshape on input line 4061.
LaTeX Info: Redefining \upshape on input line 4066.
LaTeX Info: Redefining \em on input line 4096.
LaTeX Info: Redefining \emph on input line 4121.
))
(/usr/local/texlive/2019/texmf-dist/tex/latex/amsmath/amsmath.sty
Package: amsmath 2018/12/01 v2.17b AMS math features
\@mathmargin=\skip49

For additional information on amsmath, use the `?' option.
(/usr/local/texlive/2019/texmf-dist/tex/latex/amsmath/amstext.sty
Package: amstext 2000/06/29 v2.01 AMS text

(/usr/local/texlive/2019/texmf-dist/tex/latex/amsmath/amsgen.sty
File: amsgen.sty 1999/11/30 v2.0 generic functions
\@emptytoks=\toks14
\ex@=\dimen139
))
(/usr/local/texlive/2019/texmf-dist/tex/latex/amsmath/amsbsy.sty
Package: amsbsy 1999/11/29 v1.2d Bold Symbols
\pmbraise@=\dimen140
)
(/usr/local/texlive/2019/texmf-dist/tex/latex/amsmath/amsopn.sty
Package: amsopn 2016/03/08 v2.02 operator names
)
\inf@bad=\count190
LaTeX Info: Redefining \frac on input line 223.
\uproot@=\count191
\leftroot@=\count192
LaTeX Info: Redefining \overline on input line 385.
\classnum@=\count193
\DOTSCASE@=\count194
LaTeX Info: Redefining \ldots on input line 482.
LaTeX Info: Redefining \dots on input line 485.
LaTeX Info: Redefining \cdots on input line 606.
\Mathstrutbox@=\box46
\strutbox@=\box47
\big@size=\dimen141
LaTeX Font Info:    Redeclaring font encoding OML on input line 729.
LaTeX Font Info:    Redeclaring font encoding OMS on input line 730.
\macc@depth=\count195
\c@MaxMatrixCols=\count196
\dotsspace@=\muskip16
\c@parentequation=\count197
\dspbrk@lvl=\count198
\tag@help=\toks15
\row@=\count199
\column@=\count266
\maxfields@=\count267
\andhelp@=\toks16
\eqnshift@=\dimen142
\alignsep@=\dimen143
\tagshift@=\dimen144
\tagwidth@=\dimen145
\totwidth@=\dimen146
\lineht@=\dimen147
\@envbody=\toks17
\multlinegap=\skip50
\multlinetaggap=\skip51
\mathdisplay@stack=\toks18
LaTeX Info: Redefining \[ on input line 2844.
LaTeX Info: Redefining \] on input line 2845.
)
(/usr/local/texlive/2019/texmf-dist/tex/latex/amsfonts/amssymb.sty
Package: amssymb 2013/01/14 v3.01 AMS font symbols

(/usr/local/texlive/2019/texmf-dist/tex/latex/amsfonts/amsfonts.sty
Package: amsfonts 2013/01/14 v3.01 Basic AMSFonts support
\symAMSa=\mathgroup4
\symAMSb=\mathgroup5
LaTeX Font Info:    Overwriting math alphabet `\mathfrak' in version `bold'
(Font)                  U/euf/m/n --> U/euf/b/n on input line 106.
))
(/usr/local/texlive/2019/texmf-dist/tex/latex/polyglossia/polyglossia.sty
Package: polyglossia 2019/04/04 v1.44 Alternative to Babel for XeLaTeX and LuaL
aTeX

(/usr/local/texlive/2019/texmf-dist/tex/latex/etoolbox/etoolbox.sty
Package: etoolbox 2018/08/19 v2.5f e-TeX tools for LaTeX (JAW)
\etb@tempcnta=\count268
)
(/usr/local/texlive/2019/texmf-dist/tex/latex/makecmds/makecmds.sty
Package: makecmds 2009/09/03 v1.0a extra command making commands
)
(/usr/local/texlive/2019/texmf-dist/tex/latex/xkeyval/xkeyval.sty
Package: xkeyval 2014/12/03 v2.7a package option processing (HA)

(/usr/local/texlive/2019/texmf-dist/tex/generic/xkeyval/xkeyval.tex
(/usr/local/texlive/2019/texmf-dist/tex/generic/xkeyval/xkvutils.tex
\XKV@toks=\toks19
\XKV@tempa@toks=\toks20

(/usr/local/texlive/2019/texmf-dist/tex/generic/xkeyval/keyval.tex))
\XKV@depth=\count269
File: xkeyval.tex 2014/12/03 v2.7a key=value parser (HA)
))
(/usr/local/texlive/2019/texmf-dist/tex/generic/oberdiek/ifluatex.sty
Package: ifluatex 2016/05/16 v1.4 Provides the ifluatex switch (HO)
Package ifluatex Info: LuaTeX not detected.
)
(/usr/local/texlive/2019/texmf-dist/tex/generic/ifxetex/ifxetex.sty
Package: ifxetex 2010/09/12 v0.6 Provides ifxetex conditional
)
\xpg@normalclass=\XeTeXcharclass1
)
(/usr/local/texlive/2019/texmf-dist/tex/latex/polyglossia/gloss-english.ldf
File: gloss-english.ldf polyglossia: module for english
)
Package polyglossia Info: Default language is english.

(/usr/local/texlive/2019/texmf-dist/tex/latex/cjk-ko/kotex.sty
Package: kotex 2015/04/19 v1.6 Korean TeX (ko.TeX)

(/usr/local/texlive/2019/texmf-dist/tex/latex/kotex-utf/kotex.cfg)
(/usr/local/texlive/2019/texmf-dist/tex/xetex/xetexko/xetexko.sty
Package: xetexko 2018/04/19 v2.19 Typesetting Korean with XeTeX

(/usr/local/texlive/2019/texmf-dist/tex/xetex/xetexko/xetexko-space.sty
Package: xetexko-space 2018/04/19 v2.19 Spacings and fonts for XeTeX-ko
\XeTeXcharclassID=\XeTeXcharclass2
\XeTeXcharclassOP=\XeTeXcharclass3
\XeTeXcharclassCL=\XeTeXcharclass4

(/usr/local/texlive/2019/texmf-dist/tex/generic/unicode-data/load-unicode-xetex
-classes.tex 
load-unicode-xetex-classes.tex v1.8 (2019-03-09)
Reading Unicode east Asian character class data
# LineBreak-12.0.0.txt 
# Date: 2019-01-21, 14:17:37 GMT [KW, LI] 
# EastAsianWidth-12.0.0.txt 
# Date: 2019-01-21, 14:12:58 GMT [KW, LI] 
)
\XKsmallkana=\XeTeXcharclass5
\XKcjkcolon=\XeTeXcharclass6
\XKcjkfullstop=\XeTeXcharclass7
\XKcjkliaison=\XeTeXcharclass8
\XKcjkextrastop=\XeTeXcharclass9
\XKcjksymbol=\XeTeXcharclass10
\XKhangulsyllable=\XeTeXcharclass11
\XKhanguljungjong=\XeTeXcharclass12
\XKlatinopening=\XeTeXcharclass13
\XKlatinclosing=\XeTeXcharclass14
\XKopeningquote=\XeTeXcharclass15
\XKclosingquote=\XeTeXcharclass16
\XKlatinfullstop=\XeTeXcharclass17
\XKlatinquestion=\XeTeXcharclass18
\XKlatinexclamation=\XeTeXcharclass19
\XKlatinhyphen=\XeTeXcharclass20
\XKlatincomma=\XeTeXcharclass21
\XKlatincolon=\XeTeXcharclass22
\XKlatinnumber=\XeTeXcharclass23
\XKhanjacombining=\XeTeXcharclass24
\XK@toks@=\toks21
\XKdotemphbox=\box48
) (/usr/local/texlive/2019/texmf-dist/tex/xetex/xetexko/xetexko-josa.sty
Package: xetexko-josa 2018/04/06 v2.18 Auto-josa for XeTeX-ko
\@josa=\count270
)
(/usr/local/texlive/2019/texmf-dist/tex/xetex/xetexko/xetexko-font.sty
Package: xetexko-font 2018/08/08 v2.21 LaTeX Font commands for XeTeX-ko
)
(/usr/local/texlive/2019/texmf-dist/tex/xetex/xetexko/xetexko-vertical.sty
Package: xetexko-vertical 2018/04/06 v2.18 Vertical environment for XeTeX-ko
\verticalem=\dimen148
)
(/usr/local/texlive/2019/texmf-dist/tex/latex/cjk-ko/kolabels-utf.sty
Package: kolabels-utf 2015/03/20 v1.5 UTF-8 Hangul item labels
)))

Package fontspec Info: Could not resolve font "NanumBarunGothicBold/I" (it
(fontspec)             probably doesn't exist).


Package fontspec Info: Could not resolve font "NanumBarunGothic/I" (it
(fontspec)             probably doesn't exist).


Package fontspec Info: Font family 'NanumBarunGothic(0)' created for font
(fontspec)             'NanumBarunGothic' with options [Ligatures=TeX,BoldFont
(fontspec)             = *Bold].
(fontspec)              
(fontspec)              This font family consists of the following NFSS
(fontspec)             series/shapes:
(fontspec)              
(fontspec)             - 'normal' (m/n) with NFSS spec.:
(fontspec)             <->"NanumBarunGothic/OT:script=latn;language=DFLT;mappin
g=tex-text;"
(fontspec)             - 'small caps'  (m/sc) with NFSS spec.: 
(fontspec)             - 'bold' (bx/n) with NFSS spec.:
(fontspec)             <->"NanumBarunGothicBold/OT:script=latn;language=DFLT;ma
pping=tex-text;"
(fontspec)             - 'bold small caps'  (bx/sc) with NFSS spec.: 
(fontspec)             - 'bold italic' (bx/it) with NFSS spec.:
(fontspec)             <->"NanumBarunGothic/BI/OT:script=latn;language=DFLT;map
ping=tex-text;"
(fontspec)             - 'bold italic small caps'  (bx/itsc) with NFSS spec.: 

LaTeX Info: Redefining \rmfamily on input line 26.
LaTeX Info: Redefining \sffamily on input line 29.

Package fontspec Info: Could not resolve font "NanumGothicCoding-Bold/I" (it
(fontspec)             probably doesn't exist).


Package fontspec Info: Could not resolve font "NanumGothicCoding/I" (it
(fontspec)             probably doesn't exist).


Package fontspec Info: Font family 'NanumGothicCoding(0)' created for font
(fontspec)             'NanumGothicCoding' with options
(fontspec)             [WordSpace={1,0,0},HyphenChar=None,PunctuationSpace=Word
Space,BoldFont
(fontspec)             = *-Bold].
(fontspec)              
(fontspec)              This font family consists of the following NFSS
(fontspec)             series/shapes:
(fontspec)              
(fontspec)             - 'normal' (m/n) with NFSS spec.:
(fontspec)             <->"NanumGothicCoding/AAT"
(fontspec)             - 'small caps'  (m/sc) with NFSS spec.: 
(fontspec)             and font adjustment code:
(fontspec)             \fontdimen 2\font =1\fontdimen 2\font \fontdimen 3\font
(fontspec)             =0\fontdimen 3\font \fontdimen 4\font =0\fontdimen
(fontspec)             4\font \fontdimen 7\font =0\fontdimen 2\font
(fontspec)             \tex_hyphenchar:D \font =-1\scan_stop: 
(fontspec)             - 'bold' (bx/n) with NFSS spec.:
(fontspec)             <->"NanumGothicCoding-Bold/AAT"
(fontspec)             - 'bold small caps'  (bx/sc) with NFSS spec.: 
(fontspec)             and font adjustment code:
(fontspec)             \fontdimen 2\font =1\fontdimen 2\font \fontdimen 3\font
(fontspec)             =0\fontdimen 3\font \fontdimen 4\font =0\fontdimen
(fontspec)             4\font \fontdimen 7\font =0\fontdimen 2\font
(fontspec)             \tex_hyphenchar:D \font =-1\scan_stop: 
(fontspec)             - 'bold italic' (bx/it) with NFSS spec.:
(fontspec)             <->"NanumGothicCoding/BI/AAT"
(fontspec)             - 'bold italic small caps'  (bx/itsc) with NFSS spec.: 
(fontspec)             and font adjustment code:
(fontspec)             \fontdimen 2\font =1\fontdimen 2\font \fontdimen 3\font
(fontspec)             =0\fontdimen 3\font \fontdimen 4\font =0\fontdimen
(fontspec)             4\font \fontdimen 7\font =0\fontdimen 2\font
(fontspec)             \tex_hyphenchar:D \font =-1\scan_stop: 

LaTeX Info: Redefining \ttfamily on input line 32.

(/usr/local/texlive/2019/texmf-dist/tex/latex/fncychap/fncychap.sty
Package: fncychap 2007/07/30 v1.34 LaTeX package (Revised chapters)
\RW=\skip52
\mylen=\skip53
\myhi=\skip54
\px=\skip55
\py=\skip56
\pyy=\skip57
\pxx=\skip58
)
(./sphinx.sty
Package: sphinx 2019/01/12 v1.8.4 LaTeX package (Sphinx markup)

(/usr/local/texlive/2019/texmf-dist/tex/generic/oberdiek/ltxcmds.sty
Package: ltxcmds 2016/05/16 v1.23 LaTeX kernel commands for general use (HO)
)
(/usr/local/texlive/2019/texmf-dist/tex/latex/graphics/graphicx.sty
Package: graphicx 2017/06/01 v1.1a Enhanced LaTeX Graphics (DPC,SPQR)

(/usr/local/texlive/2019/texmf-dist/tex/latex/graphics/graphics.sty
Package: graphics 2017/06/25 v1.2c Standard LaTeX Graphics (DPC,SPQR)

(/usr/local/texlive/2019/texmf-dist/tex/latex/graphics/trig.sty
Package: trig 2016/01/03 v1.10 sin cos tan (DPC)
)
(/usr/local/texlive/2019/texmf-dist/tex/latex/graphics-cfg/graphics.cfg
File: graphics.cfg 2016/06/04 v1.11 sample graphics configuration
)
Package graphics Info: Driver file: xetex.def on input line 99.

(/usr/local/texlive/2019/texmf-dist/tex/latex/graphics-def/xetex.def
File: xetex.def 2017/06/24 v5.0h Graphics/color driver for xetex
))
\Gin@req@height=\dimen149
\Gin@req@width=\dimen150
)
(/usr/local/texlive/2019/texmf-dist/tex/latex/fancyhdr/fancyhdr.sty
Package: fancyhdr 2019/01/31 v3.10 Extensive control of page headers and footer
s
\f@nch@headwidth=\skip59
\f@nch@O@elh=\skip60
\f@nch@O@erh=\skip61
\f@nch@O@olh=\skip62
\f@nch@O@orh=\skip63
\f@nch@O@elf=\skip64
\f@nch@O@erf=\skip65
\f@nch@O@olf=\skip66
\f@nch@O@orf=\skip67
)
(/usr/local/texlive/2019/texmf-dist/tex/latex/base/textcomp.sty
Package: textcomp 2018/08/11 v2.0j Standard LaTeX package
Package textcomp Info: Sub-encoding information:
(textcomp)               5 = only ISO-Adobe without \textcurrency
(textcomp)               4 = 5 + \texteuro
(textcomp)               3 = 4 + \textohm
(textcomp)               2 = 3 + \textestimated + \textcurrency
(textcomp)               1 = TS1 - \textcircled - \t
(textcomp)               0 = TS1 (full)
(textcomp)             Font families with sub-encoding setting implement
(textcomp)             only a restricted character set as indicated.
(textcomp)             Family '?' is the default used for unknown fonts.
(textcomp)             See the documentation for details.
Package textcomp Info: Setting ? sub-encoding to TS1/1 on input line 79.

(/usr/local/texlive/2019/texmf-dist/tex/latex/base/ts1enc.def
File: ts1enc.def 2001/06/05 v3.0e (jk/car/fm) Standard LaTeX file
)
LaTeX Info: Redefining \oldstylenums on input line 334.
Package textcomp Info: Setting cmr sub-encoding to TS1/0 on input line 349.
Package textcomp Info: Setting cmss sub-encoding to TS1/0 on input line 350.
Package textcomp Info: Setting cmtt sub-encoding to TS1/0 on input line 351.
Package textcomp Info: Setting cmvtt sub-encoding to TS1/0 on input line 352.
Package textcomp Info: Setting cmbr sub-encoding to TS1/0 on input line 353.
Package textcomp Info: Setting cmtl sub-encoding to TS1/0 on input line 354.
Package textcomp Info: Setting ccr sub-encoding to TS1/0 on input line 355.
Package textcomp Info: Setting ptm sub-encoding to TS1/4 on input line 356.
Package textcomp Info: Setting pcr sub-encoding to TS1/4 on input line 357.
Package textcomp Info: Setting phv sub-encoding to TS1/4 on input line 358.
Package textcomp Info: Setting ppl sub-encoding to TS1/3 on input line 359.
Package textcomp Info: Setting pag sub-encoding to TS1/4 on input line 360.
Package textcomp Info: Setting pbk sub-encoding to TS1/4 on input line 361.
Package textcomp Info: Setting pnc sub-encoding to TS1/4 on input line 362.
Package textcomp Info: Setting pzc sub-encoding to TS1/4 on input line 363.
Package textcomp Info: Setting bch sub-encoding to TS1/4 on input line 364.
Package textcomp Info: Setting put sub-encoding to TS1/5 on input line 365.
Package textcomp Info: Setting uag sub-encoding to TS1/5 on input line 366.
Package textcomp Info: Setting ugq sub-encoding to TS1/5 on input line 367.
Package textcomp Info: Setting ul8 sub-encoding to TS1/4 on input line 368.
Package textcomp Info: Setting ul9 sub-encoding to TS1/4 on input line 369.
Package textcomp Info: Setting augie sub-encoding to TS1/5 on input line 370.
Package textcomp Info: Setting dayrom sub-encoding to TS1/3 on input line 371.
Package textcomp Info: Setting dayroms sub-encoding to TS1/3 on input line 372.

Package textcomp Info: Setting pxr sub-encoding to TS1/0 on input line 373.
Package textcomp Info: Setting pxss sub-encoding to TS1/0 on input line 374.
Package textcomp Info: Setting pxtt sub-encoding to TS1/0 on input line 375.
Package textcomp Info: Setting txr sub-encoding to TS1/0 on input line 376.
Package textcomp Info: Setting txss sub-encoding to TS1/0 on input line 377.
Package textcomp Info: Setting txtt sub-encoding to TS1/0 on input line 378.
Package textcomp Info: Setting lmr sub-encoding to TS1/0 on input line 379.
Package textcomp Info: Setting lmdh sub-encoding to TS1/0 on input line 380.
Package textcomp Info: Setting lmss sub-encoding to TS1/0 on input line 381.
Package textcomp Info: Setting lmssq sub-encoding to TS1/0 on input line 382.
Package textcomp Info: Setting lmvtt sub-encoding to TS1/0 on input line 383.
Package textcomp Info: Setting lmtt sub-encoding to TS1/0 on input line 384.
Package textcomp Info: Setting qhv sub-encoding to TS1/0 on input line 385.
Package textcomp Info: Setting qag sub-encoding to TS1/0 on input line 386.
Package textcomp Info: Setting qbk sub-encoding to TS1/0 on input line 387.
Package textcomp Info: Setting qcr sub-encoding to TS1/0 on input line 388.
Package textcomp Info: Setting qcs sub-encoding to TS1/0 on input line 389.
Package textcomp Info: Setting qpl sub-encoding to TS1/0 on input line 390.
Package textcomp Info: Setting qtm sub-encoding to TS1/0 on input line 391.
Package textcomp Info: Setting qzc sub-encoding to TS1/0 on input line 392.
Package textcomp Info: Setting qhvc sub-encoding to TS1/0 on input line 393.
Package textcomp Info: Setting futs sub-encoding to TS1/4 on input line 394.
Package textcomp Info: Setting futx sub-encoding to TS1/4 on input line 395.
Package textcomp Info: Setting futj sub-encoding to TS1/4 on input line 396.
Package textcomp Info: Setting hlh sub-encoding to TS1/3 on input line 397.
Package textcomp Info: Setting hls sub-encoding to TS1/3 on input line 398.
Package textcomp Info: Setting hlst sub-encoding to TS1/3 on input line 399.
Package textcomp Info: Setting hlct sub-encoding to TS1/5 on input line 400.
Package textcomp Info: Setting hlx sub-encoding to TS1/5 on input line 401.
Package textcomp Info: Setting hlce sub-encoding to TS1/5 on input line 402.
Package textcomp Info: Setting hlcn sub-encoding to TS1/5 on input line 403.
Package textcomp Info: Setting hlcw sub-encoding to TS1/5 on input line 404.
Package textcomp Info: Setting hlcf sub-encoding to TS1/5 on input line 405.
Package textcomp Info: Setting pplx sub-encoding to TS1/3 on input line 406.
Package textcomp Info: Setting pplj sub-encoding to TS1/3 on input line 407.
Package textcomp Info: Setting ptmx sub-encoding to TS1/4 on input line 408.
Package textcomp Info: Setting ptmj sub-encoding to TS1/4 on input line 409.
)
(/usr/local/texlive/2019/texmf-dist/tex/latex/titlesec/titlesec.sty
Package: titlesec 2016/03/21 v2.10.2 Sectioning titles
\ttl@box=\box49
\beforetitleunit=\skip68
\aftertitleunit=\skip69
\ttl@plus=\dimen151
\ttl@minus=\dimen152
\ttl@toksa=\toks22
\titlewidth=\dimen153
\titlewidthlast=\dimen154
\titlewidthfirst=\dimen155
)
(/usr/local/texlive/2019/texmf-dist/tex/latex/tabulary/tabulary.sty
Package: tabulary 2014/06/11 v0.10 tabulary package (DPC)

(/usr/local/texlive/2019/texmf-dist/tex/latex/tools/array.sty
Package: array 2018/12/30 v2.4k Tabular extension package (FMi)
\col@sep=\dimen156
\ar@mcellbox=\box50
\extrarowheight=\dimen157
\NC@list=\toks23
\extratabsurround=\skip70
\backup@length=\skip71
\ar@cellbox=\box51
)
\TY@count=\count271
\TY@linewidth=\dimen158
\tymin=\dimen159
\tymax=\dimen160
\TY@tablewidth=\dimen161
)
(/usr/local/texlive/2019/texmf-dist/tex/latex/tools/longtable.sty
Package: longtable 2014/10/28 v4.11 Multi-page Table package (DPC)+ FMi change
\LTleft=\skip72
\LTright=\skip73
\LTpre=\skip74
\LTpost=\skip75
\LTchunksize=\count272
\LTcapwidth=\dimen162
\LT@head=\box52
\LT@firsthead=\box53
\LT@foot=\box54
\LT@lastfoot=\box55
\LT@cols=\count273
\LT@rows=\count274
\c@LT@tables=\count275
\c@LT@chunks=\count276
\LT@p@ftn=\toks24
)
(/usr/local/texlive/2019/texmf-dist/tex/latex/varwidth/varwidth.sty
Package: varwidth 2009/03/30 ver 0.92;  Variable-width minipages
\@vwid@box=\box56
\sift@deathcycles=\count277
\@vwid@loff=\dimen163
\@vwid@roff=\dimen164
)
(./sphinxmulticell.sty
Package: sphinxmulticell 2017/02/23 v1.6 better span rows and columns of a tabl
e (Sphinx team)
\sphinx@TY@tablewidth=\dimen165
)
(/usr/local/texlive/2019/texmf-dist/tex/latex/base/makeidx.sty
Package: makeidx 2014/09/29 v1.0m Standard LaTeX package
)
(/usr/local/texlive/2019/texmf-dist/tex/latex/framed/framed.sty
Package: framed 2011/10/22 v 0.96: framed or shaded text with page breaks
\OuterFrameSep=\skip76
\fb@frw=\dimen166
\fb@frh=\dimen167
\FrameRule=\dimen168
\FrameSep=\dimen169
)
(/usr/local/texlive/2019/texmf-dist/tex/latex/xcolor/xcolor.sty
Package: xcolor 2016/05/11 v2.12 LaTeX color extensions (UK)

(/usr/local/texlive/2019/texmf-dist/tex/latex/graphics-cfg/color.cfg
File: color.cfg 2016/01/02 v1.6 sample color configuration
)
Package xcolor Info: Driver file: xetex.def on input line 225.
Package xcolor Info: Model `cmy' substituted by `cmy0' on input line 1348.
Package xcolor Info: Model `RGB' extended on input line 1364.
Package xcolor Info: Model `HTML' substituted by `rgb' on input line 1366.
Package xcolor Info: Model `Hsb' substituted by `hsb' on input line 1367.
Package xcolor Info: Model `tHsb' substituted by `hsb' on input line 1368.
Package xcolor Info: Model `HSB' substituted by `hsb' on input line 1369.
Package xcolor Info: Model `Gray' substituted by `gray' on input line 1370.
Package xcolor Info: Model `wave' substituted by `hsb' on input line 1371.
)
(/usr/local/texlive/2019/texmf-dist/tex/latex/fancyvrb/fancyvrb.sty
Package: fancyvrb 2019/01/15

Style option: `fancyvrb' v3.2a <2019/01/15> (tvz)
\FV@CodeLineNo=\count278
\FV@InFile=\read2
\FV@TabBox=\box57
\c@FancyVerbLine=\count279
\FV@StepNumber=\count280
\FV@OutFile=\write3
) (./footnotehyper-sphinx.sty
Package: footnotehyper-sphinx 2017/10/27 v1.7 hyperref aware footnote.sty for s
phinx (JFB)
\FNH@notes=\box58
\FNH@width=\dimen170
) (/usr/local/texlive/2019/texmf-dist/tex/latex/float/float.sty
Package: float 2001/11/08 v1.3d Float enhancements (AL)
\c@float@type=\count281
\float@exts=\toks25
\float@box=\box59
\@float@everytoks=\toks26
\@floatcapt=\box60
)
(/usr/local/texlive/2019/texmf-dist/tex/latex/wrapfig/wrapfig.sty
\wrapoverhang=\dimen171
\WF@size=\dimen172
\c@WF@wrappedlines=\count282
\WF@box=\box61
\WF@everypar=\toks27
Package: wrapfig 2003/01/31  v 3.6
)
(/usr/local/texlive/2019/texmf-dist/tex/latex/parskip/parskip.sty
Rollback for package 'parskip' requested -> version 'v1'.
         This corresponds to the release introduced on 2001-04-09.

(/usr/local/texlive/2019/texmf-dist/tex/latex/parskip/parskip-2001-04-09.sty
Package: parskip 2001/04/09 non-zero parskip adjustments
))
(/usr/local/texlive/2019/texmf-dist/tex/latex/base/alltt.sty
Package: alltt 1997/06/16 v2.0g defines alltt environment
)
(/usr/local/texlive/2019/texmf-dist/tex/latex/upquote/upquote.sty
Package: upquote 2012/04/19 v1.3 upright-quote and grave-accent glyphs in verba
tim
)
(/usr/local/texlive/2019/texmf-dist/tex/latex/capt-of/capt-of.sty
Package: capt-of 2009/12/29 v0.2 standard captions outside of floats
)
(/usr/local/texlive/2019/texmf-dist/tex/latex/needspace/needspace.sty
Package: needspace 2010/09/12 v1.3d reserve vertical space
)
(./sphinxhighlight.sty
Package: sphinxhighlight 2016/05/29 stylesheet for highlighting with pygments
)
(/usr/local/texlive/2019/texmf-dist/tex/latex/oberdiek/kvoptions.sty
Package: kvoptions 2016/05/16 v3.12 Key value format for package options (HO)

(/usr/local/texlive/2019/texmf-dist/tex/generic/oberdiek/kvsetkeys.sty
Package: kvsetkeys 2016/05/16 v1.17 Key value parser (HO)

(/usr/local/texlive/2019/texmf-dist/tex/generic/oberdiek/infwarerr.sty
Package: infwarerr 2016/05/16 v1.4 Providing info/warning/error messages (HO)
)
(/usr/local/texlive/2019/texmf-dist/tex/generic/oberdiek/etexcmds.sty
Package: etexcmds 2016/05/16 v1.6 Avoid name clashes with e-TeX commands (HO)
)))
\sphinxverbatimsep=\dimen173
\sphinxverbatimborder=\dimen174
\sphinxshadowsep=\dimen175
\sphinxshadowsize=\dimen176
\sphinxshadowrule=\dimen177
\spx@notice@border=\dimen178
\spx@image@maxheight=\dimen179
\spx@image@box=\dimen180
\c@literalblock=\count283
\sphinxcontinuationbox=\box62
\sphinxvisiblespacebox=\box63
\sphinxVerbatim@TitleBox=\box64
\py@argswidth=\skip77
\lineblockindentation=\skip78
\DUlineblockindent=\skip79
)
(/usr/local/texlive/2019/texmf-dist/tex/latex/geometry/geometry.sty
Package: geometry 2018/04/16 v5.8 Page Geometry

(/usr/local/texlive/2019/texmf-dist/tex/generic/oberdiek/ifpdf.sty
Package: ifpdf 2018/09/07 v3.3 Provides the ifpdf switch
)
(/usr/local/texlive/2019/texmf-dist/tex/generic/oberdiek/ifvtex.sty
Package: ifvtex 2016/05/16 v1.6 Detect VTeX and its facilities (HO)
Package ifvtex Info: VTeX not detected.
)
\Gm@cnth=\count284
\Gm@cntv=\count285
\c@Gm@tempcnt=\count286
\Gm@bindingoffset=\dimen181
\Gm@wd@mp=\dimen182
\Gm@odd@mp=\dimen183
\Gm@even@mp=\dimen184
\Gm@layoutwidth=\dimen185
\Gm@layoutheight=\dimen186
\Gm@layouthoffset=\dimen187
\Gm@layoutvoffset=\dimen188
\Gm@dimlist=\toks28
)
(/usr/local/texlive/2019/texmf-dist/tex/latex/hyperref/hyperref.sty
Package: hyperref 2018/11/30 v6.88e Hypertext links for LaTeX

(/usr/local/texlive/2019/texmf-dist/tex/generic/oberdiek/hobsub-hyperref.sty
Package: hobsub-hyperref 2016/05/16 v1.14 Bundle oberdiek, subset hyperref (HO)


(/usr/local/texlive/2019/texmf-dist/tex/generic/oberdiek/hobsub-generic.sty
Package: hobsub-generic 2016/05/16 v1.14 Bundle oberdiek, subset generic (HO)
Package: hobsub 2016/05/16 v1.14 Construct package bundles (HO)
Package hobsub Info: Skipping package `infwarerr' (already loaded).
Package hobsub Info: Skipping package `ltxcmds' (already loaded).
Package hobsub Info: Skipping package `ifluatex' (already loaded).
Package hobsub Info: Skipping package `ifvtex' (already loaded).
Package: intcalc 2016/05/16 v1.2 Expandable calculations with integers (HO)
Package hobsub Info: Skipping package `ifpdf' (already loaded).
Package hobsub Info: Skipping package `etexcmds' (already loaded).
Package hobsub Info: Skipping package `kvsetkeys' (already loaded).
Package: kvdefinekeys 2016/05/16 v1.4 Define keys (HO)
Package: pdftexcmds 2018/09/10 v0.29 Utility functions of pdfTeX for LuaTeX (HO
)
Package pdftexcmds Info: LuaTeX not detected.
Package pdftexcmds Info: pdfTeX >= 1.30 not detected.
Package pdftexcmds Info: \pdf@primitive is available.
Package pdftexcmds Info: \pdf@ifprimitive is available.
Package pdftexcmds Info: \pdfdraftmode not found.
Package: pdfescape 2016/05/16 v1.14 Implements pdfTeX's escape features (HO)
Package: bigintcalc 2016/05/16 v1.4 Expandable calculations on big integers (HO
)
Package: bitset 2016/05/16 v1.2 Handle bit-vector datatype (HO)
Package: uniquecounter 2016/05/16 v1.3 Provide unlimited unique counter (HO)
)
Package hobsub Info: Skipping package `hobsub' (already loaded).
Package: letltxmacro 2016/05/16 v1.5 Let assignment for LaTeX macros (HO)
Package: hopatch 2016/05/16 v1.3 Wrapper for package hooks (HO)
Package: xcolor-patch 2016/05/16 xcolor patch
Package: atveryend 2016/05/16 v1.9 Hooks at the very end of document (HO)
Package: atbegshi 2016/06/09 v1.18 At begin shipout hook (HO)
Package: refcount 2016/05/16 v3.5 Data extraction from label references (HO)
Package: hycolor 2016/05/16 v1.8 Color options for hyperref/bookmark (HO)
)
(/usr/local/texlive/2019/texmf-dist/tex/latex/oberdiek/auxhook.sty
Package: auxhook 2016/05/16 v1.4 Hooks for auxiliary files (HO)
)
\@linkdim=\dimen189
\Hy@linkcounter=\count287
\Hy@pagecounter=\count288

(/usr/local/texlive/2019/texmf-dist/tex/latex/hyperref/pd1enc.def
File: pd1enc.def 2018/11/30 v6.88e Hyperref: PDFDocEncoding definition (HO)
)
\Hy@SavedSpaceFactor=\count289

(/usr/local/texlive/2019/texmf-dist/tex/latex/latexconfig/hyperref.cfg
File: hyperref.cfg 2002/06/06 v1.2 hyperref configuration of TeXLive
)
Package hyperref Info: Option `hyperindex' set `false' on input line 4393.
Package hyperref Info: Option `unicode' set `true' on input line 4393.

(/usr/local/texlive/2019/texmf-dist/tex/latex/hyperref/puenc.def
File: puenc.def 2018/11/30 v6.88e Hyperref: PDF Unicode definition (HO)
)
Package hyperref Info: Option `colorlinks' set `true' on input line 4393.
Package hyperref Info: Option `breaklinks' set `true' on input line 4393.
Package hyperref Info: Hyper figures OFF on input line 4519.
Package hyperref Info: Link nesting OFF on input line 4524.
Package hyperref Info: Hyper index OFF on input line 4529.
Package hyperref Info: Plain pages OFF on input line 4534.
Package hyperref Info: Backreferencing OFF on input line 4539.
Package hyperref Info: Implicit mode ON; LaTeX internals redefined.
Package hyperref Info: Bookmarks ON on input line 4772.
\c@Hy@tempcnt=\count290

(/usr/local/texlive/2019/texmf-dist/tex/latex/url/url.sty
\Urlmuskip=\muskip17
Package: url 2013/09/16  ver 3.4  Verb mode for urls, etc.
)
LaTeX Info: Redefining \url on input line 5125.
\XeTeXLinkMargin=\dimen190
\Fld@menulength=\count291
\Field@Width=\dimen191
\Fld@charsize=\dimen192
Package hyperref Info: Hyper figures OFF on input line 6380.
Package hyperref Info: Link nesting OFF on input line 6385.
Package hyperref Info: Hyper index OFF on input line 6390.
Package hyperref Info: backreferencing OFF on input line 6395.
Package hyperref Info: Link coloring ON on input line 6398.
Package hyperref Info: Link coloring with OCG OFF on input line 6405.
Package hyperref Info: PDF/A mode OFF on input line 6410.
LaTeX Info: Redefining \ref on input line 6450.
LaTeX Info: Redefining \pageref on input line 6454.
\Hy@abspage=\count292
\c@Item=\count293
\c@Hfootnote=\count294
)
Package hyperref Info: Driver (autodetected): hxetex.

(/usr/local/texlive/2019/texmf-dist/tex/latex/hyperref/hxetex.def
File: hxetex.def 2018/11/30 v6.88e Hyperref driver for XeTeX

(/usr/local/texlive/2019/texmf-dist/tex/generic/oberdiek/stringenc.sty
Package: stringenc 2016/05/16 v1.11 Convert strings between diff. encodings (HO
)
)
\pdfm@box=\box65
\c@Hy@AnnotLevel=\count295
\HyField@AnnotCount=\count296
\Fld@listcount=\count297
\c@bookmark@seq@number=\count298

(/usr/local/texlive/2019/texmf-dist/tex/latex/oberdiek/rerunfilecheck.sty
Package: rerunfilecheck 2016/05/16 v1.8 Rerun checks for auxiliary files (HO)
Package uniquecounter Info: New unique counter `rerunfilecheck' on input line 2
82.
)
\Hy@SectionHShift=\skip80
)
(/usr/local/texlive/2019/texmf-dist/tex/latex/oberdiek/hypcap.sty
Package: hypcap 2016/05/16 v1.12 Adjusting the anchors of captions (HO)
)
(./sphinxmessages.sty
Package: sphinxmessages 2019/01/04 v2.0 Localized LaTeX macros (Sphinx team)
)
\@indexfile=\write4
\openout4 = `metatron-doc-user.idx'.


Writing index file metatron-doc-user.idx
(./metatron-doc-user.aux)
\openout1 = `metatron-doc-user.aux'.

LaTeX Font Info:    Checking defaults for OML/cmm/m/it on input line 63.
LaTeX Font Info:    ... okay on input line 63.
LaTeX Font Info:    Checking defaults for T1/cmr/m/n on input line 63.
LaTeX Font Info:    ... okay on input line 63.
LaTeX Font Info:    Checking defaults for OT1/cmr/m/n on input line 63.
LaTeX Font Info:    ... okay on input line 63.
LaTeX Font Info:    Checking defaults for OMS/cmsy/m/n on input line 63.
LaTeX Font Info:    ... okay on input line 63.
LaTeX Font Info:    Checking defaults for TU/lmr/m/n on input line 63.
LaTeX Font Info:    ... okay on input line 63.
LaTeX Font Info:    Checking defaults for OMX/cmex/m/n on input line 63.
LaTeX Font Info:    ... okay on input line 63.
LaTeX Font Info:    Checking defaults for U/cmr/m/n on input line 63.
LaTeX Font Info:    ... okay on input line 63.
LaTeX Font Info:    Checking defaults for TS1/cmr/m/n on input line 63.
LaTeX Font Info:    Try loading font information for TS1+cmr on input line 63.

(/usr/local/texlive/2019/texmf-dist/tex/latex/base/ts1cmr.fd
File: ts1cmr.fd 2014/09/29 v2.5h Standard LaTeX font definitions
)
LaTeX Font Info:    ... okay on input line 63.
LaTeX Font Info:    Checking defaults for PD1/pdf/m/n on input line 63.
LaTeX Font Info:    ... okay on input line 63.
LaTeX Font Info:    Checking defaults for PU/pdf/m/n on input line 63.
LaTeX Font Info:    ... okay on input line 63.

Package fontspec Info: Adjusting the maths setup (use [no-math] to avoid
(fontspec)             this).

\symlegacymaths=\mathgroup6
LaTeX Font Info:    Overwriting symbol font `legacymaths' in version `bold'
(Font)                  OT1/cmr/m/n --> OT1/cmr/bx/n on input line 63.
LaTeX Font Info:    Redeclaring math accent \acute on input line 63.
LaTeX Font Info:    Redeclaring math accent \grave on input line 63.
LaTeX Font Info:    Redeclaring math accent \ddot on input line 63.
LaTeX Font Info:    Redeclaring math accent \tilde on input line 63.
LaTeX Font Info:    Redeclaring math accent \bar on input line 63.
LaTeX Font Info:    Redeclaring math accent \breve on input line 63.
LaTeX Font Info:    Redeclaring math accent \check on input line 63.
LaTeX Font Info:    Redeclaring math accent \hat on input line 63.
LaTeX Font Info:    Redeclaring math accent \dot on input line 63.
LaTeX Font Info:    Redeclaring math accent \mathring on input line 63.
LaTeX Font Info:    Redeclaring math symbol \Gamma on input line 63.
LaTeX Font Info:    Redeclaring math symbol \Delta on input line 63.
LaTeX Font Info:    Redeclaring math symbol \Theta on input line 63.
LaTeX Font Info:    Redeclaring math symbol \Lambda on input line 63.
LaTeX Font Info:    Redeclaring math symbol \Xi on input line 63.
LaTeX Font Info:    Redeclaring math symbol \Pi on input line 63.
LaTeX Font Info:    Redeclaring math symbol \Sigma on input line 63.
LaTeX Font Info:    Redeclaring math symbol \Upsilon on input line 63.
LaTeX Font Info:    Redeclaring math symbol \Phi on input line 63.
LaTeX Font Info:    Redeclaring math symbol \Psi on input line 63.
LaTeX Font Info:    Redeclaring math symbol \Omega on input line 63.
LaTeX Font Info:    Redeclaring math symbol \mathdollar on input line 63.
LaTeX Font Info:    Redeclaring symbol font `operators' on input line 63.
LaTeX Font Info:    Encoding `OT1' has changed to `TU' for symbol font
(Font)              `operators' in the math version `normal' on input line 63.
LaTeX Font Info:    Overwriting symbol font `operators' in version `normal'
(Font)                  OT1/cmr/m/n --> TU/NanumBarunGothic(0)/m/n on input lin
e 63.
LaTeX Font Info:    Encoding `OT1' has changed to `TU' for symbol font
(Font)              `operators' in the math version `bold' on input line 63.
LaTeX Font Info:    Overwriting symbol font `operators' in version `bold'
(Font)                  OT1/cmr/bx/n --> TU/NanumBarunGothic(0)/m/n on input li
ne 63.
LaTeX Font Info:    Overwriting symbol font `operators' in version `normal'
(Font)                  TU/NanumBarunGothic(0)/m/n --> TU/NanumBarunGothic(0)/m
/n on input line 63.
LaTeX Font Info:    Overwriting math alphabet `\mathit' in version `normal'
(Font)                  OT1/cmr/m/it --> TU/NanumBarunGothic(0)/m/it on input l
ine 63.
LaTeX Font Info:    Overwriting math alphabet `\mathbf' in version `normal'
(Font)                  OT1/cmr/bx/n --> TU/NanumBarunGothic(0)/bx/n on input l
ine 63.
LaTeX Font Info:    Overwriting math alphabet `\mathsf' in version `normal'
(Font)                  OT1/cmss/m/n --> TU/NanumBarunGothic(0)/m/n on input li
ne 63.
LaTeX Font Info:    Overwriting math alphabet `\mathtt' in version `normal'
(Font)                  OT1/cmtt/m/n --> TU/NanumGothicCoding(0)/m/n on input l
ine 63.
LaTeX Font Info:    Overwriting symbol font `operators' in version `bold'
(Font)                  TU/NanumBarunGothic(0)/m/n --> TU/NanumBarunGothic(0)/b
x/n on input line 63.
LaTeX Font Info:    Overwriting math alphabet `\mathit' in version `bold'
(Font)                  OT1/cmr/bx/it --> TU/NanumBarunGothic(0)/bx/it on input
 line 63.
LaTeX Font Info:    Overwriting math alphabet `\mathsf' in version `bold'
(Font)                  OT1/cmss/bx/n --> TU/NanumBarunGothic(0)/bx/n on input 
line 63.
LaTeX Font Info:    Overwriting math alphabet `\mathtt' in version `bold'
(Font)                  OT1/cmtt/m/n --> TU/NanumGothicCoding(0)/bx/n on input 
line 63.
\symmathhangul=\mathgroup7
LaTeX Font Info:    Overwriting symbol font `mathhangul' in version `bold'
(Font)                  TU/NanumBarunGothic(0)/m/n --> TU/NanumBarunGothic(0)/b
x/n on input line 63.

*geometry* driver: auto-detecting
*geometry* detected driver: xetex
*geometry* verbose mode - [ preamble ] result:
* driver: xetex
* paper: letterpaper
* layout: <same size as paper>
* layoutoffset:(h,v)=(0.0pt,0.0pt)
* modes: twoside 
* h-part:(L,W,R)=(72.26999pt, 469.75502pt, 72.26999pt)
* v-part:(T,H,B)=(72.26999pt, 650.43001pt, 72.26999pt)
* \paperwidth=614.295pt
* \paperheight=794.96999pt
* \textwidth=469.75502pt
* \textheight=650.43001pt
* \oddsidemargin=0.0pt
* \evensidemargin=0.0pt
* \topmargin=-37.0pt
* \headheight=12.0pt
* \headsep=25.0pt
* \topskip=10.0pt
* \footskip=30.0pt
* \marginparwidth=36.135pt
* \marginparsep=11.0pt
* \columnsep=10.0pt
* \skip\footins=9.0pt plus 4.0pt minus 2.0pt
* \hoffset=0.0pt
* \voffset=0.0pt
* \mag=1000
* \@twocolumnfalse
* \@twosidetrue
* \@mparswitchtrue
* \@reversemarginfalse
* (1in=72.27pt=25.4mm, 1cm=28.453pt)

\AtBeginShipoutBox=\box66
Package hyperref Info: Link coloring ON on input line 63.
(/usr/local/texlive/2019/texmf-dist/tex/latex/hyperref/nameref.sty
Package: nameref 2016/05/21 v2.44 Cross-referencing by name of section

(/usr/local/texlive/2019/texmf-dist/tex/generic/oberdiek/gettitlestring.sty
Package: gettitlestring 2016/05/16 v1.5 Cleanup title references (HO)
)
\c@section@level=\count299
)
LaTeX Info: Redefining \ref on input line 63.
LaTeX Info: Redefining \pageref on input line 63.
LaTeX Info: Redefining \nameref on input line 63.

(./metatron-doc-user.out) (./metatron-doc-user.out)
\@outlinefile=\write5
\openout5 = `metatron-doc-user.out'.

Package hyperref Info: Option `pageanchor' set `false' on input line 66.
LaTeX Font Info:    Try loading font information for U+msa on input line 66.

(/usr/local/texlive/2019/texmf-dist/tex/latex/amsfonts/umsa.fd
File: umsa.fd 2013/01/14 v3.01 AMS symbols A
)
LaTeX Font Info:    Try loading font information for U+msb on input line 66.

(/usr/local/texlive/2019/texmf-dist/tex/latex/amsfonts/umsb.fd
File: umsb.fd 2013/01/14 v3.01 AMS symbols B
) [1

] [2


]
(./metatron-doc-user.toc
Overfull \hbox (1.98997pt too wide) detected at line 88
 []\TU/NanumBarunGothic(0)/m/n/10 107
 []


Overfull \hbox (1.98997pt too wide) detected at line 93
 []\TU/NanumBarunGothic(0)/m/n/10 111
 []


Overfull \hbox (1.98997pt too wide) detected at line 102
 []\TU/NanumBarunGothic(0)/m/n/10 121
 []


Overfull \hbox (1.98997pt too wide) detected at line 103
 []\TU/NanumBarunGothic(0)/m/n/10 125
 []


Overfull \hbox (1.98997pt too wide) detected at line 117
 []\TU/NanumBarunGothic(0)/m/n/10 149
 []


Overfull \hbox (1.98997pt too wide) detected at line 140
 []\TU/NanumBarunGothic(0)/m/n/10 182
 []


Overfull \hbox (1.98997pt too wide) detected at line 150
 []\TU/NanumBarunGothic(0)/m/n/10 198
 []

[1

]
Overfull \hbox (1.98997pt too wide) detected at line 153
 []\TU/NanumBarunGothic(0)/m/n/10 200
 []


Overfull \hbox (1.98997pt too wide) detected at line 154
 []\TU/NanumBarunGothic(0)/m/n/10 202
 []


Overfull \hbox (1.98997pt too wide) detected at line 155
 []\TU/NanumBarunGothic(0)/m/n/10 205
 []


Overfull \hbox (1.98997pt too wide) detected at line 160
 []\TU/NanumBarunGothic(0)/m/n/10 210
 []


Overfull \hbox (1.98997pt too wide) detected at line 161
 []\TU/NanumBarunGothic(0)/m/n/10 212
 []


Overfull \hbox (1.98997pt too wide) detected at line 173
 []\TU/NanumBarunGothic(0)/m/n/10 225
 []


Overfull \hbox (1.98997pt too wide) detected at line 177
 []\TU/NanumBarunGothic(0)/m/n/10 237
 []


Overfull \hbox (1.98997pt too wide) detected at line 215
 []\TU/NanumBarunGothic(0)/m/n/10 283
 []


Overfull \hbox (1.98997pt too wide) detected at line 220
 []\TU/NanumBarunGothic(0)/m/n/10 288
 []


Overfull \hbox (1.98997pt too wide) detected at line 221
 []\TU/NanumBarunGothic(0)/m/n/10 289
 []


Overfull \hbox (1.98997pt too wide) detected at line 225
 []\TU/NanumBarunGothic(0)/m/n/10 292
 []


Overfull \hbox (1.98997pt too wide) detected at line 229
 []\TU/NanumBarunGothic(0)/m/n/10 295
 []


Overfull \hbox (1.98997pt too wide) detected at line 231
 []\TU/NanumBarunGothic(0)/m/n/10 299
 []


Overfull \hbox (1.98997pt too wide) detected at line 236
 []\TU/NanumBarunGothic(0)/m/n/10 306
 []


Overfull \hbox (1.98997pt too wide) detected at line 237
 []\TU/NanumBarunGothic(0)/m/n/10 308
 []


Overfull \hbox (1.98997pt too wide) detected at line 238
 []\TU/NanumBarunGothic(0)/m/n/10 309
 []


Overfull \hbox (1.98997pt too wide) detected at line 240
 []\TU/NanumBarunGothic(0)/m/n/10 312
 []


Overfull \hbox (1.98997pt too wide) detected at line 245
 []\TU/NanumBarunGothic(0)/m/n/10 314
 []


Overfull \hbox (1.98997pt too wide) detected at line 249
 []\TU/NanumBarunGothic(0)/m/n/10 320
 []


Overfull \hbox (1.98997pt too wide) detected at line 254
 []\TU/NanumBarunGothic(0)/m/n/10 329
 []


Overfull \hbox (1.98997pt too wide) detected at line 267
 []\TU/NanumBarunGothic(0)/m/n/10 331
 []


Overfull \hbox (1.98997pt too wide) detected at line 273
 []\TU/NanumBarunGothic(0)/m/n/10 332
 []

[2]
Overfull \hbox (1.98997pt too wide) detected at line 278
 []\TU/NanumBarunGothic(0)/m/n/10 339
 []


Overfull \hbox (1.98997pt too wide) detected at line 279
 []\TU/NanumBarunGothic(0)/m/n/10 339
 []


Overfull \hbox (1.98997pt too wide) detected at line 280
 []\TU/NanumBarunGothic(0)/m/n/10 339
 []


Overfull \hbox (1.98997pt too wide) detected at line 283
 []\TU/NanumBarunGothic(0)/m/n/10 343
 []


Overfull \hbox (1.98997pt too wide) detected at line 284
 []\TU/NanumBarunGothic(0)/m/n/10 344
 []


Overfull \hbox (1.98997pt too wide) detected at line 285
 []\TU/NanumBarunGothic(0)/m/n/10 345
 []


Overfull \hbox (1.98997pt too wide) detected at line 287
 []\TU/NanumBarunGothic(0)/m/n/10 347
 []


Overfull \hbox (1.98997pt too wide) detected at line 288
 []\TU/NanumBarunGothic(0)/m/n/10 349
 []


Overfull \hbox (1.98997pt too wide) detected at line 289
 []\TU/NanumBarunGothic(0)/m/n/10 353
 []


Overfull \hbox (1.98997pt too wide) detected at line 290
 []\TU/NanumBarunGothic(0)/m/n/10 355
 []


Overfull \hbox (1.98997pt too wide) detected at line 291
 []\TU/NanumBarunGothic(0)/m/n/10 356
 []


Overfull \hbox (1.98997pt too wide) detected at line 292
 []\TU/NanumBarunGothic(0)/m/n/10 358
 []


Overfull \hbox (1.98997pt too wide) detected at line 295
 []\TU/NanumBarunGothic(0)/m/n/10 365
 []


Overfull \hbox (1.98997pt too wide) detected at line 296
 []\TU/NanumBarunGothic(0)/m/n/10 366
 []


Overfull \hbox (1.98997pt too wide) detected at line 298
 []\TU/NanumBarunGothic(0)/m/n/10 369
 []


Overfull \hbox (1.98997pt too wide) detected at line 299
 []\TU/NanumBarunGothic(0)/m/n/10 371
 []

)
\tf@toc=\write6
\openout6 = `metatron-doc-user.toc'.

 [3] [4

] [1

] [2]
Chapter 1.
File: discovery-main.png Graphic file (type bmp)
<discovery-main.png>
[3

]
File: s1-1.png Graphic file (type bmp)
<s1-1.png>
 [4]

LaTeX Font Warning: Font shape `TU/NanumBarunGothic(0)/m/it' undefined
(Font)              using `TU/NanumBarunGothic(0)/m/n' instead on input line 13
5.

File: s1-2.png Graphic file (type bmp)
<s1-2.png>
[5]
File: s1-3.png Graphic file (type bmp)
<s1-3.png>
 [6]
File: s1-4.png Graphic file (type bmp)
<s1-4.png>
 [7]
File: s1-5.png Graphic file (type bmp)
<s1-5.png>
File: s1-6.png Graphic file (type bmp)
<s1-6.png>
 [8]
File: s1-7.png Graphic file (type bmp)
<s1-7.png>
 [9]
File: s1-8.png Graphic file (type bmp)
<s1-8.png>
File: s1-9.png Graphic file (type bmp)
<s1-9.png>
 [10]
File: s1-10.png Graphic file (type bmp)
<s1-10.png>
 [11]
File: s1-11.png Graphic file (type bmp)
<s1-11.png>
File: tt02.png Graphic file (type bmp)
<tt02.png>
 [12]
File: tt03.png Graphic file (type bmp)
<tt03.png>
 [13]
File: tt03-2.png Graphic file (type bmp)
<tt03-2.png>
File: tt04.png Graphic file (type bmp)
<tt04.png>
 [14]
File: tt03-3.png Graphic file (type bmp)
<tt03-3.png>
 [15]
File: tt06.png Graphic file (type bmp)
<tt06.png>
File: create_chart.png Graphic file (type bmp)
<create_chart.png>
 [16]
File: ttd.png Graphic file (type bmp)
<ttd.png>
File: ttd-1.png Graphic file (type bmp)
<ttd-1.png>
 [17]
File: ttd-3.png Graphic file (type bmp)
<ttd-3.png>
 [18]
File: ttd-4.png Graphic file (type bmp)
<ttd-4.png>
 [19]
File: icon_common.png Graphic file (type bmp)
<icon_common.png>
File: ttd-5.png Graphic file (type bmp)
<ttd-5.png>
File: icon_number.png Graphic file (type bmp)
<icon_number.png>
File: ttd-6.png Graphic file (type bmp)
<ttd-6.png>
 [20]
File: icon_aux.png Graphic file (type bmp)
<icon_aux.png>
File: ttd-7.png Graphic file (type bmp)
<ttd-7.png>

[21]
File: ttd-8.png Graphic file (type bmp)
<ttd-8.png>
 [22]
File: ttd-9.png Graphic file (type bmp)
<ttd-9.png>
File: ttd-10.png Graphic file (type bmp)
<ttd-10.png>
 [23]
File: ttd-13.png Graphic file (type bmp)
<ttd-13.png>
 [24]
File: icon_coloring.png Graphic file (type bmp)
<icon_coloring.png>
File: ttd-16.png Graphic file (type bmp)
<ttd-16.png>
File: ttd-15.png Graphic file (type bmp)
<ttd-15.png>
 [25]
File: ttd.png Graphic file (type bmp)
<ttd.png>
 [26] [27] [28

]
Chapter 2.
File: intro.png Graphic file (type bmp)
<intro.png>
[29]
File: bi.png Graphic file (type bmp)
<bi.png>
 [30]
File: big_olap_cube.png Graphic file (type bmp)
<big_olap_cube.png>
 [31]
File: single_solution.png Graphic file (type bmp)
<single_solution.png>
File: diagram.png Graphic file (type bmp)
<diagram.png>
 [32]
File: prep.png Graphic file (type bmp)
<prep.png>
File: prep2.png Graphic file (type bmp)
<prep2.png>
 [33]
File: datasource.png Graphic file (type bmp)
<datasource.png>
File: datasource2.png Graphic file (type bmp)
<datasource2.png>
 [34] [35]
File: workspace.png Graphic file (type bmp)
<workspace.png>
 [36]
File: dashboard.png Graphic file (type bmp)
<dashboard.png>
File: chart.png Graphic file (type bmp)
<chart.png>
 [37]
File: map.png Graphic file (type bmp)
<map.png>
 [38]
File: notebook_intro.png Graphic file (type bmp)
<notebook_intro.png>
File: sql.png Graphic file (type bmp)
<sql.png>
 [39]
File: monitoring.png Graphic file (type bmp)
<monitoring.png>
 [40] [41]
File: druid_logo.png Graphic file (type bmp)
<druid_logo.png>
 [42]
File: druid-features-time-series.png Graphic file (type bmp)
<druid-features-time-series.png>
 [43]
File: druid-features-rollup.png Graphic file (type bmp)
<druid-features-rollup.png>

[44]
Missing character: There is no  in font NanumGothicCoding/AAT!
Missing character: There is no  in font NanumGothicCoding/AAT!
 [45]
File: druid-features-wiki.png Graphic file (type bmp)
<druid-features-wiki.png>
Missing character: There is no  in font NanumGothicCoding/AAT!
Missing character: There is no  in font NanumGothicCoding/AAT!
 [46]
Missing character: There is no  in font NanumGothicCoding/AAT!
Missing character: There is no  in font NanumGothicCoding/AAT!
Missing character: There is no  in font NanumGothicCoding/AAT!
Missing character: There is no  in font NanumGothicCoding/AAT!
File: druid_node_architecture.png Graphic file (type bmp)
<druid_node_architecture.png>
 [47]
File: druid-archit-data-processing.png Graphic file (type bmp)
<druid-archit-data-processing.png>
 [48] [49]
File: druid-archit-historical.png Graphic file (type bmp)
<druid-archit-historical.png>
 [50]
File: druid-archit-broker.png Graphic file (type bmp)
<druid-archit-broker.png>
 [51]
File: intro-to-druid.png Graphic file (type bmp)
<intro-to-druid.png>
 [52]
Missing character: There is no  in font NanumBarunGothic/OT:script=latn;langua
ge=DFLT;mapping=tex-text;!
Missing character: There is no  in font NanumBarunGothic/OT:script=latn;langua
ge=DFLT;mapping=tex-text;!
 [53]
File: druid-mysql-benchmark.png Graphic file (type bmp)
<druid-mysql-benchmark.png>
File: druid-scaling-benchmark.png Graphic file (type bmp)
<druid-scaling-benchmark.png>
 [54]
File: druid-ingestion-test.png Graphic file (type bmp)
<druid-ingestion-test.png>
 [55]
File: druid-mysql-benchmark2.png Graphic file (type bmp)
<druid-mysql-benchmark2.png>
 [56] [57]
File: druid-eval-by-sk.png Graphic file (type bmp)
<druid-eval-by-sk.png>

Underfull \hbox (badness 6236) in paragraph at lines 1273--1276
[][][]\TU/NanumBarunGothic(0)/m/it/8 Steven Acreman. (2016, Aug 26). Top 10 Tim
e Series Databases. Retrieved from [][]$[][][][][] [] [] [] [][][][] [] [][][][
][][][] [] [][][] []
 []


Underfull \hbox (badness 10000) in paragraph at lines 1298--1300
[] \TU/NanumBarunGothic(0)/m/it/10   : [][]$[][][][][] [] [] [] [][][][][][] 
[] [][][][][][] [] [][][] [] [][][][][] [] [] [] [][][][][][][][] []
 []


Underfull \hbox (badness 10000) in paragraph at lines 1298--1300
[][][][][][][][][][][] [] [][][][][][][][][] [] [][][][][][] [] [][][][][][][][
][] [] [][][][][][][][][][][] []
 []

[58] [59]
Underfull \hbox (badness 10000) in paragraph at lines 1425--1426
[]|\TU/NanumBarunGothic(0)/m/it/10 Basic Aggre-
 []


Underfull \hbox (badness 10000) in paragraph at lines 1442--1443
[]|\TU/NanumBarunGothic(0)/m/it/10 Ship Date
 []


Underfull \hbox (badness 10000) in paragraph at lines 1444--1445
[]|\TU/NanumBarunGothic(0)/m/it/10 1995-
 []


Underfull \hbox (badness 10000) in paragraph at lines 1461--1462
[]|\TU/NanumBarunGothic(0)/m/it/10 1995-
 []


Underfull \hbox (badness 10000) in paragraph at lines 1479--1481
[]\TU/NanumBarunGothic(0)/m/it/10 Count(Distinct
 []


Underfull \hbox (badness 10000) in paragraph at lines 1500--1502
[]\TU/NanumBarunGothic(0)/m/it/10 Count(Distinct
 []

[60]
File: druid-vs-spark.png Graphic file (type bmp)
<druid-vs-spark.png>
 [61] [62] [63] [64] [65] [66

]
Chapter 3.
File: datasource_management.png Graphic file (type bmp)
<datasource_management.png>
[67]
File: create_datasource_1.png Graphic file (type bmp)
<create_datasource_1.png>
 [68] [69]
File: dimension_measure_01.png Graphic file (type bmp)
<dimension_measure_01.png>
 [70]
File: manage_datasource_01.png Graphic file (type bmp)
<manage_datasource_01.png>
 [71]
File: manage_datasource_02.png Graphic file (type bmp)
<manage_datasource_02.png>
 [72]
File: manage_datasource_03.png Graphic file (type bmp)
<manage_datasource_03.png>
File: manage_datasource_04.png Graphic file (type bmp)
<manage_datasource_04.png>
 [73]
File: manage_datasource_05.png Graphic file (type bmp)
<manage_datasource_05.png>
 [74]
File: manage_datasource_06.png Graphic file (type bmp)
<manage_datasource_06.png>
 [75]
File: manage_datasource_07.png Graphic file (type bmp)
<manage_datasource_07.png>
File: manage_datasource_08.png Graphic file (type bmp)
<manage_datasource_08.png>
File: manage_datasource_09.png Graphic file (type bmp)
<manage_datasource_09.png>
 [76]
File: manage_datasource_10.png Graphic file (type bmp)
<manage_datasource_10.png>
 [77]
File: create_datasource_2.png Graphic file (type bmp)
<create_datasource_2.png>
File: create_datasource_3.png Graphic file (type bmp)
<create_datasource_3.png>
 [78] [79]
File: create_datasource_file_1.png Graphic file (type bmp)
<create_datasource_file_1.png>
 [80]
File: create_datasource_file_3.png Graphic file (type bmp)
<create_datasource_file_3.png>
 [81]
[82]
File: create_datasource_file_4.png Graphic file (type bmp)
<create_datasource_file_4.png>
File: icon_bin.png Graphic file (type bmp)
<icon_bin.png>
 [83]
File: create_datasource_file_10.png Graphic file (type bmp)
<create_datasource_file_10.png>
 [84]
Missing character: There is no  in font NanumGothicCoding/AAT!
File: create_datasource_file_12.png Graphic file (type bmp)
<create_datasource_file_12.png>
 [85]
File: create_datasource_file_13.png Graphic file (type bmp)
<create_datasource_file_13.png>
 [86]
File: create_datasource_file_15.png Graphic file (type bmp)
<create_datasource_file_15.png>
 [87]
File: create_datasource_file_16.png Graphic file (type bmp)
<create_datasource_file_16.png>
 [88]
File: create_datasource_db_2.png Graphic file (type bmp)
<create_datasource_db_2.png>
 [89]
File: create_datasource_db_4.png Graphic file (type bmp)
<create_datasource_db_4.png>
 [90]
File: create_datasource_db_6.png Graphic file (type bmp)
<create_datasource_db_6.png>
 [91]
File: create_datasource_db_7.png Graphic file (type bmp)
<create_datasource_db_7.png>
File: create_datasource_db_8.png Graphic file (type bmp)
<create_datasource_db_8.png>
 [92]
File: create_datasource_stagingdb_2.png Graphic file (type bmp)
<create_datasource_stagingdb_2.png>
 [93]
File: create_datasource_stagingdb_3.png Graphic file (type bmp)
<create_datasource_stagingdb_3.png>
File: create_datasource_metatron_engine_2.png Graphic file (type bmp)
<create_datasource_metatron_engine_2.png>
 [94]
File: create_datasource_metatron_engine_3.png Graphic file (type bmp)
<create_datasource_metatron_engine_3.png>
 [95]
File: create_datasource_1.png Graphic file (type bmp)
<create_datasource_1.png>
 [96]
File: data_connection_1.png Graphic file (type bmp)
<data_connection_1.png>

[97]
File: data_connection_creation.png Graphic file (type bmp)
<data_connection_creation.png>
 [98]
File: data_monitoring_menu.png Graphic file (type bmp)
<data_monitoring_menu.png>
 [99]
File: log-statistics.png Graphic file (type bmp)
<log-statistics.png>
 [100] [101]
File: job-logs.png Graphic file (type bmp)
<job-logs.png>
 [102]
File: job-log-detail.png Graphic file (type bmp)
<job-log-detail.png>
 [103] [104]
Chapter 4.
File: workspace_overview.png Graphic file (type bmp)
<workspace_overview.png>
[105

]
Overfull \vbox (8.07079pt too high) has occurred while \output is active []


[106]
File: workspace_home.png Graphic file (type bmp)
<workspace_home.png>
 [107] [108]
File: workspace_entity_folder.png Graphic file (type bmp)
<workspace_entity_folder.png>
 [109]
File: workspace_entity_object.png Graphic file (type bmp)
<workspace_entity_object.png>
File: icon_datasource.png Graphic file (type bmp)
<icon_datasource.png>
 [110]
File: icon_dashboard.png Graphic file (type bmp)
<icon_dashboard.png>
File: workspace_entity_folder_and_object_manipulation.png Graphic file (type bm
p)
<workspace_entity_folder_and_object_manipulation.png>
 [111]
File: icon_more2.png Graphic file (type bmp)
<icon_more2.png>
File: shared_workspace_list.png Graphic file (type bmp)
<shared_workspace_list.png>
 [112]
File: icon_plus.png Graphic file (type bmp)
<icon_plus.png>
File: shared_workspace_creation.png Graphic file (type bmp)
<shared_workspace_creation.png>
 [113]
File: icon_more2.png Graphic file (type bmp)
<icon_more2.png>
File: shared_workspace_permission_schema_view.png Graphic file (type bmp)
<shared_workspace_permission_schema_view.png>
 [114]
File: shared_workspace_permission_schema_change01.png Graphic file (type bmp)
<shared_workspace_permission_schema_change01.png>
File: icon_edit.png Graphic file (type bmp)
<icon_edit.png>
File: shared_workspace_permission_schema_change02.png Graphic file (type bmp)
<shared_workspace_permission_schema_change02.png>
 [115]
File: icon_info.png Graphic file (type bmp)
<icon_info.png>
File: shared_workspace_shared_member_group_setting.png Graphic file (type bmp)
<shared_workspace_shared_member_group_setting.png>
 [116] [117]
[118

]
Chapter 5.
File: workbook_overview_01.png Graphic file (type bmp)
<workbook_overview_01.png>
[119]
Overfull \vbox (50.80064pt too high) has occurred while \output is active []


[120]
File: create_a_workbook_01.png Graphic file (type bmp)
<create_a_workbook_01.png>
File: create_a_workbook_02.png Graphic file (type bmp)
<create_a_workbook_02.png>
 [121]
File: create_a_workbook_03.png Graphic file (type bmp)
<create_a_workbook_03.png>
File: create_a_workbook_04.png Graphic file (type bmp)
<create_a_workbook_04.png>
 [122] [123] [124]
File: create_a_workbook_05.png Graphic file (type bmp)
<create_a_workbook_05.png>
File: dashboard_overview_01.png Graphic file (type bmp)
<dashboard_overview_01.png>
 [125]
File: dashboard.01.png Graphic file (type bmp)
<dashboard.01.png>
 [126]
File: dashboard.02.png Graphic file (type bmp)
<dashboard.02.png>
 [127] [128]
File: dashboard.03.png Graphic file (type bmp)
<dashboard.03.png>
File: dashboard.04.png Graphic file (type bmp)
<dashboard.04.png>
 [129]
File: dashboard.04-1.png Graphic file (type bmp)
<dashboard.04-1.png>
 [130]
File: dashboard.05.png Graphic file (type bmp)
<dashboard.05.png>
 [131]
File: dashboard.icon_plus.png Graphic file (type bmp)
<dashboard.icon_plus.png>
File: dashboard.icon_X.png Graphic file (type bmp)
<dashboard.icon_X.png>

[132]
File: dashboard.05-1.png Graphic file (type bmp)
<dashboard.05-1.png>
File: dashboard.06.png Graphic file (type bmp)
<dashboard.06.png>
 [133] [134] [135]
File: dashboard.07.png Graphic file (type bmp)
<dashboard.07.png>
 [136]
File: dashboard.08.png Graphic file (type bmp)
<dashboard.08.png>
 [137]
File: dashboard.12.png Graphic file (type bmp)
<dashboard.12.png>
 [138]
File: dashboard.13.png Graphic file (type bmp)
<dashboard.13.png>
 [139]
File: dashboard-textwidget.png Graphic file (type bmp)
<dashboard-textwidget.png>
 [140] [141]
File: dashboard.15.png Graphic file (type bmp)
<dashboard.15.png>
 [142]
File: dashboard-datasource-panel.png Graphic file (type bmp)
<dashboard-datasource-panel.png>
 [143]
[144]
File: dashboard.icon_db_info.png Graphic file (type bmp)
<dashboard.icon_db_info.png>
File: dashboard.09.png Graphic file (type bmp)
<dashboard.09.png>
File: dashboard.10.png Graphic file (type bmp)
<dashboard.10.png>
 [145]
File: dashboard.11.png Graphic file (type bmp)
<dashboard.11.png>
File: presentation_view_2.png Graphic file (type bmp)
<presentation_view_2.png>
 [146]
File: give_new_column_name_1.png Graphic file (type bmp)
<give_new_column_name_1.png>
 [147]
File: give_new_column_name_2.png Graphic file (type bmp)
<give_new_column_name_2.png>
 [148]
File: part04-chart01.png Graphic file (type bmp)
<part04-chart01.png>
 [149]
File: part04-chart02.png Graphic file (type bmp)
<part04-chart02.png>
 [150]
File: chart_icon_more.png Graphic file (type bmp)
<chart_icon_more.png>
File: chart_icon_info.png Graphic file (type bmp)
<chart_icon_info.png>
File: part04-chart03.png Graphic file (type bmp)
<part04-chart03.png>
 [151] [152]
File: pivoting.01.png Graphic file (type bmp)
<pivoting.01.png>
File: pivoting.02.png Graphic file (type bmp)
<pivoting.02.png>
 [153]
File: pivoting.03.png Graphic file (type bmp)
<pivoting.03.png>
File: pivoting.04.png Graphic file (type bmp)
<pivoting.04.png>
 [154]
File: pivoting.05.png Graphic file (type bmp)
<pivoting.05.png>
 [155]
File: Chart_Types.00.png Graphic file (type bmp)
<Chart_Types.00.png>

[156]
File: Chart_Types_Icon01.png Graphic file (type bmp)
<Chart_Types_Icon01.png>
File: Chart_Types_Icon02.png Graphic file (type bmp)
<Chart_Types_Icon02.png>
File: Chart_Types_Icon03.png Graphic file (type bmp)
<Chart_Types_Icon03.png>
File: Chart_Types_Icon04.png Graphic file (type bmp)
<Chart_Types_Icon04.png>
File: Chart_Types_Icon05.png Graphic file (type bmp)
<Chart_Types_Icon05.png>
File: Chart_Types_Icon06.png Graphic file (type bmp)
<Chart_Types_Icon06.png>
File: Chart_Types_Icon07.png Graphic file (type bmp)
<Chart_Types_Icon07.png>

Underfull \hbox (badness 5652) in paragraph at lines 4400--4401
[]|\TU/NanumBarunGothic(0)/m/it/10      :
 []

File: Chart_Types_Icon08.png Graphic file (type bmp)
<Chart_Types_Icon08.png>
File: Chart_Types_Icon09.png Graphic file (type bmp)
<Chart_Types_Icon09.png>
File: Chart_Types_Icon10.png Graphic file (type bmp)
<Chart_Types_Icon10.png>
File: Chart_Types_Icon11.png Graphic file (type bmp)
<Chart_Types_Icon11.png>
File: Chart_Types_Icon12.png Graphic file (type bmp)
<Chart_Types_Icon12.png>
File: Chart_Types_Icon13.png Graphic file (type bmp)
<Chart_Types_Icon13.png>
File: Chart_Types_Icon14.png Graphic file (type bmp)
<Chart_Types_Icon14.png>
File: Chart_Types_Icon15.png Graphic file (type bmp)
<Chart_Types_Icon15.png>
File: Chart_Types_Icon16.png Graphic file (type bmp)
<Chart_Types_Icon16.png>
File: Chart_Types_Icon17.png Graphic file (type bmp)
<Chart_Types_Icon17.png>
[157]
Overfull \vbox (1094.80234pt too high) has occurred while \output is active []


[158]
File: Chart_Style.01.png Graphic file (type bmp)
<Chart_Style.01.png>
 [159]
File: Chart_Style.02.png Graphic file (type bmp)
<Chart_Style.02.png>
 [160]
File: Chart_Style.03.png Graphic file (type bmp)
<Chart_Style.03.png>
 [161]
File: Chart_Style.04.png Graphic file (type bmp)
<Chart_Style.04.png>
File: Chart_Style.05.png Graphic file (type bmp)
<Chart_Style.05.png>
 [162]
File: Chart_Style.12.png Graphic file (type bmp)
<Chart_Style.12.png>
File: Chart_Style.06.png Graphic file (type bmp)
<Chart_Style.06.png>
 [163]
File: Chart_Style.07.png Graphic file (type bmp)
<Chart_Style.07.png>
 [164] [165]
File: Chart_Style.08.png Graphic file (type bmp)
<Chart_Style.08.png>
File: Chart_Style.09.png Graphic file (type bmp)
<Chart_Style.09.png>
 [166]
File: Chart_Style.10.png Graphic file (type bmp)
<Chart_Style.10.png>
 [167]
File: Chart_Style.11.png Graphic file (type bmp)
<Chart_Style.11.png>
 [168]
File: mapview_main.jpg Graphic file (type bmp)
<mapview_main.jpg>
 [169]
File: map_01.jpg Graphic file (type bmp)
<map_01.jpg>

[170]
File: map_02.jpg Graphic file (type bmp)
<map_02.jpg>
 [171]
File: map_03.jpg Graphic file (type bmp)
<map_03.jpg>
File: map_04.jpg Graphic file (type bmp)
<map_04.jpg>
 [172]
File: map_05.jpg Graphic file (type bmp)
<map_05.jpg>
 [173]
File: map_addlayer.jpg Graphic file (type bmp)
<map_addlayer.jpg>
 [174]
File: map_commonsetting.jpg Graphic file (type bmp)
<map_commonsetting.jpg>
 [175]
File: map_layersetting_point.jpg Graphic file (type bmp)
<map_layersetting_point.jpg>
 [176]
Overfull \vbox (37.79991pt too high) has occurred while \output is active []


[177]
File: map_layersetting_line.jpg Graphic file (type bmp)
<map_layersetting_line.jpg>
 [178]
Overfull \vbox (17.72334pt too high) has occurred while \output is active []


[179]
File: map_layersetting_polygon.jpg Graphic file (type bmp)
<map_layersetting_polygon.jpg>
 [180]
File: map_legend.jpg Graphic file (type bmp)
<map_legend.jpg>
File: map_analysis.jpg Graphic file (type bmp)
<map_analysis.jpg>
 [181] [182]
File: chart-panel.png Graphic file (type bmp)
<chart-panel.png>
 [183]
File: filter-dialog.png Graphic file (type bmp)
<filter-dialog.png>
 [184] [185]
File: filter-dialog-dimension.png Graphic file (type bmp)
<filter-dialog-dimension.png>
 [186] [187]
File: filter-dimension-searching.png Graphic file (type bmp)
<filter-dimension-searching.png>
 [188]
File: filter-timestamp-relative.png Graphic file (type bmp)
<filter-timestamp-relative.png>
 [189]
File: filter-timestamp-specific.png Graphic file (type bmp)
<filter-timestamp-specific.png>
 [190]
File: filter-measure1.png Graphic file (type bmp)
<filter-measure1.png>

[191] [192]
File: filter-measure2.png Graphic file (type bmp)
<filter-measure2.png>
 [193]
File: global-filter.png Graphic file (type bmp)
<global-filter.png>
 [194] [195] [196

]
Chapter 6.
File: notebook_overview.png Graphic file (type bmp)
<notebook_overview.png>
[197]
File: notebook_management0.png Graphic file (type bmp)
<notebook_management0.png>
 [198]
File: icon_bin1.png Graphic file (type bmp)
<icon_bin1.png>
File: notebook_management1.png Graphic file (type bmp)
<notebook_management1.png>
File: notebook_management2.png Graphic file (type bmp)
<notebook_management2.png>
 [199]
File: icon_more.png Graphic file (type bmp)
<icon_more.png>
File: register_a_notebook_server_01.png Graphic file (type bmp)
<register_a_notebook_server_01.png>
 [200]
File: register_a_notebook_server_02.png Graphic file (type bmp)
<register_a_notebook_server_02.png>
 [201]
File: create_a_notebook_00.png Graphic file (type bmp)
<create_a_notebook_00.png>
File: create_a_notebook_01.png Graphic file (type bmp)
<create_a_notebook_01.png>
File: create_a_notebook_02.png Graphic file (type bmp)
<create_a_notebook_02.png>
 [202]
File: create_a_notebook_03.png Graphic file (type bmp)
<create_a_notebook_03.png>
 [203]
File: create_a_notebook_04.png Graphic file (type bmp)
<create_a_notebook_04.png>
 [204]
File: use_a_notebook_01.png Graphic file (type bmp)
<use_a_notebook_01.png>
 [205]
File: use_a_notebook_02.png Graphic file (type bmp)
<use_a_notebook_02.png>
 [206]
File: use_a_notebook_03.png Graphic file (type bmp)
<use_a_notebook_03.png>
File: use_a_notebook_04.png Graphic file (type bmp)
<use_a_notebook_04.png>
 [207] [208]
Chapter 7.
File: workbench_overview.png Graphic file (type bmp)
<workbench_overview.png>
[209

]
File: workbench_creation_01.png Graphic file (type bmp)
<workbench_creation_01.png>
File: workbench_creation_02.png Graphic file (type bmp)
<workbench_creation_02.png>
 [210]
File: workbench_creation_03.png Graphic file (type bmp)
<workbench_creation_03.png>
 [211]
File: workbench_basic.png Graphic file (type bmp)
<workbench_basic.png>
 [212]
File: workbench_lnb_header.png Graphic file (type bmp)
<workbench_lnb_header.png>
 [213]
File: icon_exclamation.png Graphic file (type bmp)
<icon_exclamation.png>
File: icon_folding.png Graphic file (type bmp)
<icon_folding.png>
File: workbench_lnb.png Graphic file (type bmp)
<workbench_lnb.png>
 [214] [215]
File: workbench_query_editor.png Graphic file (type bmp)
<workbench_query_editor.png>
File: icon_arrow.png Graphic file (type bmp)
<icon_arrow.png>
File: icon_more1.png Graphic file (type bmp)
<icon_more1.png>
File: icon_plus1.png Graphic file (type bmp)
<icon_plus1.png>
File: icon_full.png Graphic file (type bmp)
<icon_full.png>
 [216]
File: workbench_query_result_ing.png Graphic file (type bmp)
<workbench_query_result_ing.png>
 [217]
File: workbench_query_result_complete.png Graphic file (type bmp)
<workbench_query_result_complete.png>
 [218]
File: workbench_global_variable.png Graphic file (type bmp)
<workbench_global_variable.png>
 [219]
File: workbench_navigation.png Graphic file (type bmp)
<workbench_navigation.png>
 [220]
File: workbench_schema_browser.png Graphic file (type bmp)
<workbench_schema_browser.png>

[221] [222

]
Chapter 8.
File: data_preparation_overview_1.png Graphic file (type bmp)
<data_preparation_overview_1.png>
[223]
File: preparation_overview.png Graphic file (type bmp)
<preparation_overview.png>
 [224]
File: create_a_dataset_1.png Graphic file (type bmp)
<create_a_dataset_1.png>
 [225]
File: create_a_dataset_2.png Graphic file (type bmp)
<create_a_dataset_2.png>
File: create_a_dataset_3.png Graphic file (type bmp)
<create_a_dataset_3.png>
 [226]
File: create_a_dataset_of_file_1.png Graphic file (type bmp)
<create_a_dataset_of_file_1.png>
 [227]
File: create_a_dataset_of_file_2.png Graphic file (type bmp)
<create_a_dataset_of_file_2.png>
 [228]
File: create_a_dataset_of_file_3.png Graphic file (type bmp)
<create_a_dataset_of_file_3.png>
 [229]
File: create_a_dataset_of_file_4.png Graphic file (type bmp)
<create_a_dataset_of_file_4.png>
 [230]
File: create_a_dataset_of_database_1.png Graphic file (type bmp)
<create_a_dataset_of_database_1.png>
File: create_a_dataset_of_database_2.png Graphic file (type bmp)
<create_a_dataset_of_database_2.png>
 [231]
File: create_a_dataset_of_database_3.png Graphic file (type bmp)
<create_a_dataset_of_database_3.png>
 [232]
File: create_a_dataset_of_database_5.png Graphic file (type bmp)
<create_a_dataset_of_database_5.png>
 [233]
File: create_a_dataset_of_database_6.png Graphic file (type bmp)
<create_a_dataset_of_database_6.png>
 [234]
File: create_a_dataset_of_stagingdb_1.png Graphic file (type bmp)
<create_a_dataset_of_stagingdb_1.png>

[235]
File: create_a_dataset_of_stagingdb_3.png Graphic file (type bmp)
<create_a_dataset_of_stagingdb_3.png>
File: create_a_dataset_of_stagingdb_4.png Graphic file (type bmp)
<create_a_dataset_of_stagingdb_4.png>
 [236]
File: add_datasets_1.png Graphic file (type bmp)
<add_datasets_1.png>
 [237]
File: create_a_dataset_1.png Graphic file (type bmp)
<create_a_dataset_1.png>
 [238]
File: add_datasets_2.png Graphic file (type bmp)
<add_datasets_2.png>
 [239]
File: add_datasets_3.png Graphic file (type bmp)
<add_datasets_3.png>
 [240]
File: add_datasets_4.png Graphic file (type bmp)
<add_datasets_4.png>
 [241]
File: add_datasets_5.png Graphic file (type bmp)
<add_datasets_5.png>
 [242]
File: add_datasets_6.png Graphic file (type bmp)
<add_datasets_6.png>
 [243]
File: edit_rules_1.png Graphic file (type bmp)
<edit_rules_1.png>
 [244]
Missing character: There is no  in font NanumBarunGothic/OT:script=latn;langua
ge=DFLT;mapping=tex-text;!
File: edit_rules_2.png Graphic file (type bmp)
<edit_rules_2.png>
 [245]
File: header_menu.png Graphic file (type bmp)
<header_menu.png>
File: edit_rules_3.png Graphic file (type bmp)
<edit_rules_3.png>
 [246]
File: edit_rules_4.png Graphic file (type bmp)
<edit_rules_4.png>
File: edit_rules_13.png Graphic file (type bmp)
<edit_rules_13.png>

[247]
File: edit_rules_5.png Graphic file (type bmp)
<edit_rules_5.png>
File: edit_rules_6.png Graphic file (type bmp)
<edit_rules_6.png>
File: edit_rules_7.png Graphic file (type bmp)
<edit_rules_7.png>
 [248]
File: edit_rules_6.png Graphic file (type bmp)
<edit_rules_6.png>
File: icon_edit1.png Graphic file (type bmp)
<icon_edit1.png>
File: edit_rules_8.png Graphic file (type bmp)
<edit_rules_8.png>
 [249]
File: edit_rules_12.png Graphic file (type bmp)
<edit_rules_12.png>
File: icon_delete.png Graphic file (type bmp)
<icon_delete.png>
File: edit_rules_10.png Graphic file (type bmp)
<edit_rules_10.png>
 [250]
File: edit_rules_11.png Graphic file (type bmp)
<edit_rules_11.png>
File: icon_undo.png Graphic file (type bmp)
<icon_undo.png>
File: icon_redo.png Graphic file (type bmp)
<icon_redo.png>
File: icon_redo.png Graphic file (type bmp)
<icon_redo.png>
 [251] [252] [253]
File: rule_kinds_setformat_1.png Graphic file (type bmp)
<rule_kinds_setformat_1.png>
File: rule_kinds_rename_1.png Graphic file (type bmp)
<rule_kinds_rename_1.png>
 [254] [255]
File: rule_kinds_keep_1.png Graphic file (type bmp)
<rule_kinds_keep_1.png>
File: rule_kinds_replace_1.png Graphic file (type bmp)
<rule_kinds_replace_1.png>
 [256] [257]
File: rule_kinds_set_1.png Graphic file (type bmp)
<rule_kinds_set_1.png>
 [258]
File: rule_kinds_set_2.png Graphic file (type bmp)
<rule_kinds_set_2.png>

[259] [260] [261]
File: rule_kinds_nest_1.png Graphic file (type bmp)
<rule_kinds_nest_1.png>
File: rule_kinds_unnest_1.png Graphic file (type bmp)
<rule_kinds_unnest_1.png>
 [262] [263]
File: rule_kinds_flatten_1.png Graphic file (type bmp)
<rule_kinds_flatten_1.png>
File: rule_kinds_flatten_2.png Graphic file (type bmp)
<rule_kinds_flatten_2.png>
 [264]
File: rule_kinds_aggregate_1.png Graphic file (type bmp)
<rule_kinds_aggregate_1.png>
 [265] [266]
File: rule_kinds_aggregate_2.png Graphic file (type bmp)
<rule_kinds_aggregate_2.png>
File: rule_kinds_pivot_1.png Graphic file (type bmp)
<rule_kinds_pivot_1.png>
 [267]
File: rule_kinds_pivot_2.png Graphic file (type bmp)
<rule_kinds_pivot_2.png>
 [268]
File: rule_kinds_unpivot_1.png Graphic file (type bmp)
<rule_kinds_unpivot_1.png>
 [269]
File: rule_kinds_unpivot_2.png Graphic file (type bmp)
<rule_kinds_unpivot_2.png>
 [270]
File: rule_kinds_unpivot_3.png Graphic file (type bmp)
<rule_kinds_unpivot_3.png>

[271]
File: rule_kinds_join_1.png Graphic file (type bmp)
<rule_kinds_join_1.png>
 [272] [273]
File: rule_kinds_join_2.png Graphic file (type bmp)
<rule_kinds_join_2.png>
File: rule_kinds_union_1.png Graphic file (type bmp)
<rule_kinds_union_1.png>
 [274]
File: rule_kinds_union_2.png Graphic file (type bmp)
<rule_kinds_union_2.png>
 [275]
File: rule_kinds_window_1.png Graphic file (type bmp)
<rule_kinds_window_1.png>
 [276]
File: rule_kinds_window_2.png Graphic file (type bmp)
<rule_kinds_window_2.png>
 [277] [278]
File: create_a_datasnapshot_1.png Graphic file (type bmp)
<create_a_datasnapshot_1.png>
 [279]
File: create_a_datasnapshot_2.png Graphic file (type bmp)
<create_a_datasnapshot_2.png>
File: create_a_datasnapshot_3.png Graphic file (type bmp)
<create_a_datasnapshot_3.png>
 [280]
File: create_a_datasnapshot_4.png Graphic file (type bmp)
<create_a_datasnapshot_4.png>
File: create_a_datasnapshot_5.png Graphic file (type bmp)
<create_a_datasnapshot_5.png>
 [281] [282]
File: data_snapshot_1.png Graphic file (type bmp)
<data_snapshot_1.png>

[283]
File: data_snapshot_2.png Graphic file (type bmp)
<data_snapshot_2.png>
File: data_snapshot_3.png Graphic file (type bmp)
<data_snapshot_3.png>
 [284]
File: data_snapshot_4.png Graphic file (type bmp)
<data_snapshot_4.png>
File: data_snapshot_5.png Graphic file (type bmp)
<data_snapshot_5.png>
 [285]
File: data_snapshot_6.png Graphic file (type bmp)
<data_snapshot_6.png>
 [286]
Chapter 9.
File: user_menu.png Graphic file (type bmp)
<user_menu.png>
[287

]
File: approval_home.png Graphic file (type bmp)
<approval_home.png>
 [288] [289]
File: members_home.png Graphic file (type bmp)
<members_home.png>
File: member_info.png Graphic file (type bmp)
<member_info.png>
 [290]
File: setup_icon.png Graphic file (type bmp)
<setup_icon.png>
File: create_member.png Graphic file (type bmp)
<create_member.png>
 [291]
File: groups_home.png Graphic file (type bmp)
<groups_home.png>
 [292]
File: group_info.png Graphic file (type bmp)
<group_info.png>
 [293]
File: setup_icon.png Graphic file (type bmp)
<setup_icon.png>
File: create_group.png Graphic file (type bmp)
<create_group.png>
 [294]
File: permissions.png Graphic file (type bmp)
<permissions.png>
 [295]
File: edit_permission.png Graphic file (type bmp)
<edit_permission.png>
File: setup_icon.png Graphic file (type bmp)
<setup_icon.png>
File: shared_users.png Graphic file (type bmp)
<shared_users.png>
 [296] [297] [298

]
Chapter 10.
File: exploration.png Graphic file (type bmp)
<exploration.png>
[299]
File: exploration01.png Graphic file (type bmp)
<exploration01.png>
 [300]
File: exploration_detail.png Graphic file (type bmp)
<exploration_detail.png>
 [301]
File: exploration_detail01.png Graphic file (type bmp)
<exploration_detail01.png>
 [302]
File: exploration_detail02.png Graphic file (type bmp)
<exploration_detail02.png>
File: popup.png Graphic file (type bmp)
<popup.png>
 [303]
File: exploration_detail03.png Graphic file (type bmp)
<exploration_detail03.png>
File: metadata.png Graphic file (type bmp)
<metadata.png>
 [304]
File: search.png Graphic file (type bmp)
<search.png>
 [305]
File: catalog.png Graphic file (type bmp)
<catalog.png>
File: metadata01.png Graphic file (type bmp)
<metadata01.png>
File: metadata.png Graphic file (type bmp)
<metadata.png>
 [306]
File: dictionary.png Graphic file (type bmp)
<dictionary.png>
File: dictionary01.png Graphic file (type bmp)
<dictionary01.png>
 [307]
File: dictionary02.png Graphic file (type bmp)
<dictionary02.png>
 [308]
File: codetable01.png Graphic file (type bmp)
<codetable01.png>
File: codetable02.png Graphic file (type bmp)
<codetable02.png>
File: codetable03.png Graphic file (type bmp)
<codetable03.png>
 [309] [310]
Chapter 11.
File: overview00.png Graphic file (type bmp)
<overview00.png>
[311

]
File: configuration.png Graphic file (type bmp)
<configuration.png>
File: configuration01.png Graphic file (type bmp)
<configuration01.png>
 [312] [313] [314]
File: ingestion_task.png Graphic file (type bmp)
<ingestion_task.png>
 [315]
File: ingestion_task01.png Graphic file (type bmp)
<ingestion_task01.png>
File: ingestion_task02.png Graphic file (type bmp)
<ingestion_task02.png>
 [316]
File: ingestion_task03.png Graphic file (type bmp)
<ingestion_task03.png>
 [317]
File: ingestion_supervisor.png Graphic file (type bmp)
<ingestion_supervisor.png>
File: ingestion_supervisor01.png Graphic file (type bmp)
<ingestion_supervisor01.png>
 [318]
File: ingestion_middlemanager.png Graphic file (type bmp)
<ingestion_middlemanager.png>
File: ingestion_middlemanager01.png Graphic file (type bmp)
<ingestion_middlemanager01.png>
File: query.png Graphic file (type bmp)
<query.png>
File: query_detail.png Graphic file (type bmp)
<query_detail.png>
 [319] [320] [321

] [322]
Chapter 12.
[323

] [324

]
Chapter 13.
File: workflow_list.png Graphic file (type bmp)
<workflow_list.png>
[325]
File: create_workflow.png Graphic file (type bmp)
<create_workflow.png>
 [326]
Chapter 14.
File: workflow_editor.png Graphic file (type bmp)
<workflow_editor.png>
[327

]
File: icon_unfold.png Graphic file (type bmp)
<icon_unfold.png>
File: canvas.png Graphic file (type bmp)
<canvas.png>
 [328]
File: icon_do.png Graphic file (type bmp)
<icon_do.png>
File: icon_play.png Graphic file (type bmp)
<icon_play.png>
File: icon_play.png Graphic file (type bmp)
<icon_play.png>
 [329] [330] [331]
File: icon_exec.png Graphic file (type bmp)
<icon_exec.png>
File: icon_bin2.png Graphic file (type bmp)
<icon_bin2.png>
File: schedule_list.png Graphic file (type bmp)
<schedule_list.png>
 [332]
File: create_schedule.png Graphic file (type bmp)
<create_schedule.png>
 [333] [334] [335] [336

]
Chapter 15.
File: monitoring_page.png Graphic file (type bmp)
<monitoring_page.png>
[337]
File: status_bar.png Graphic file (type bmp)
<status_bar.png>
 [338]
Chapter 16.
[339

] [340

] [341] [342]
Chapter 17.
File: features_01.png Graphic file (type bmp)
<features_01.png>
[343

]
File: features_02.png Graphic file (type bmp)
<features_02.png>
 [344]
File: structure_01.png Graphic file (type bmp)
<structure_01.png>
 [345] [346

]
Chapter 18.
File: create_rule_01.png Graphic file (type bmp)
<create_rule_01.png>
[347]
File: choose_data_source_01.png Graphic file (type bmp)
<choose_data_source_01.png>
 [348]
File: choose_metrics_select_measure_01.png Graphic file (type bmp)
<choose_metrics_select_measure_01.png>
 [349]
File: icon_custom_column.png Graphic file (type bmp)
<icon_custom_column.png>
File: choose_metrics_select_measure_04.png Graphic file (type bmp)
<choose_metrics_select_measure_04.png>
 [350]
File: choose_metrics_select_measure_02.png Graphic file (type bmp)
<choose_metrics_select_measure_02.png>
File: icon_split.png Graphic file (type bmp)
<icon_split.png>
File: choose_metrics_select_measure_05.png Graphic file (type bmp)
<choose_metrics_select_measure_05.png>
 [351]
File: icon_ano_filter.png Graphic file (type bmp)
<icon_ano_filter.png>
File: choose_metrics_add_filter_02.png Graphic file (type bmp)
<choose_metrics_add_filter_02.png>
 [352]
File: choose_metrics_select_training_interval_01.png Graphic file (type bmp)
<choose_metrics_select_training_interval_01.png>
 [353]
File: choose_metrics_select_training_interval_02.png Graphic file (type bmp)
<choose_metrics_select_training_interval_02.png>
 [354]
File: choose_model_01.png Graphic file (type bmp)
<choose_model_01.png>
File: choose_model_03.png Graphic file (type bmp)
<choose_model_03.png>
 [355]
File: icon_set.png Graphic file (type bmp)
<icon_set.png>
File: set_alarm_rules_04.png Graphic file (type bmp)
<set_alarm_rules_04.png>
 [356]
File: set_alarm_rules_01.png Graphic file (type bmp)
<set_alarm_rules_01.png>
 [357]
File: set_alarm_rules_02.png Graphic file (type bmp)
<set_alarm_rules_02.png>
File: complete_alarm_rules_01.png Graphic file (type bmp)
<complete_alarm_rules_01.png>
 [358]
File: complete_alarm_rules_02.png Graphic file (type bmp)
<complete_alarm_rules_02.png>

[359] [360]
Chapter 19.
File: overview_01.png Graphic file (type bmp)
<overview_01.png>
[361

]
File: overview_02.png Graphic file (type bmp)
<overview_02.png>
 [362] [363] [364

]
Chapter 20.
File: complete_alarm_rules_021.png Graphic file (type bmp)
<complete_alarm_rules_021.png>
[365]
File: alarm_rule_detail_01.png Graphic file (type bmp)
<alarm_rule_detail_01.png>
 [366]
File: icon_period_edit.png Graphic file (type bmp)
<icon_period_edit.png>
File: alarm_rule_detail_02.png Graphic file (type bmp)
<alarm_rule_detail_02.png>
File: alarm_rule_detail_03.png Graphic file (type bmp)
<alarm_rule_detail_03.png>
 [367]
File: icon_alarm_history.png Graphic file (type bmp)
<icon_alarm_history.png>
File: icon_rule_settings_edit.png Graphic file (type bmp)
<icon_rule_settings_edit.png>
File: alarm_rule_detail_04.png Graphic file (type bmp)
<alarm_rule_detail_04.png>
 [368]
Chapter 21.
File: alarm_list_01.png Graphic file (type bmp)
<alarm_list_01.png>
[369

]
File: alarm_list_03.png Graphic file (type bmp)
<alarm_list_03.png>
 [370]
File: alarm_list_02.png Graphic file (type bmp)
<alarm_list_02.png>
File: alarm_detail_01.png Graphic file (type bmp)
<alarm_detail_01.png>
 [371]
File: alarm_detail_02.png Graphic file (type bmp)
<alarm_detail_02.png>
 [372]
File: alarm_detail_03.png Graphic file (type bmp)
<alarm_detail_03.png>
 [373]
File: alarm_detail_04.png Graphic file (type bmp)
<alarm_detail_04.png>
 [374]
File: alarm_detail_05.png Graphic file (type bmp)
<alarm_detail_05.png>
 [375] (./metatron-doc-user.ind)
Package atveryend Info: Empty hook `BeforeClearDocument' on input line 9782.
 [376]
Package atveryend Info: Empty hook `AfterLastShipout' on input line 9782.

(./metatron-doc-user.aux)
Package atveryend Info: Empty hook `AtVeryEndDocument' on input line 9782.
Package atveryend Info: Executing hook `AtEndAfterFileList' on input line 9782.

Package rerunfilecheck Info: File `metatron-doc-user.out' has not changed.
(rerunfilecheck)             Checksum: 986B32EE93FD300E2665824ADEF6170D.


LaTeX Font Warning: Some font shapes were not available, defaults substituted.

 ) 
Here is how much of TeX's memory you used:
 29590 strings out of 492916
 537241 string characters out of 6133345
 637923 words of memory out of 5000000
 32904 multiletter control sequences out of 15000+600000
 540844 words of font info for 89 fonts, out of 8000000 for 9000
 1349 hyphenation exceptions out of 8191
 40i,12n,67p,833b,2559s stack positions out of 5000i,500n,10000p,200000b,80000s

Output written on metatron-doc-user.pdf (382 pages).
