mktextfm NanumGothicCoding
mktextfm NanumGothicCoding
mktextfm NanumGothicCoding
mktextfm NanumGothicCoding/BI
mktextfm NanumGothicCoding
mktextfm NanumGothicCoding/I
mktextfm NanumGothicCoding
mktextfm NanumGothicCoding
mktextfm NanumGothicCoding
mktextfm NanumGothicCoding
mktextfm NanumGothicCoding
mktextfm NanumGothicCoding
mktextfm NanumGothicCoding
mktextfm NanumGothicCoding
mktextfm NanumGothicCoding/BI
mktextfm NanumGothicCoding
mktextfm NanumGothicCoding/I
mktextfm NanumGothicCoding
mktextfm NanumGothicCoding
mktextfm NanumGothicCoding
mktextfm NanumGothicCoding
mktextfm NanumGothicCoding
mktextfm NanumGothicCoding
mktextfm NanumGothicCoding
mktextfm NanumGothicCodingBold
mktextfm NanumGothicCodingBold/I
mktextfm NanumGothicCoding
mktextfm NanumGothicCoding/BI
mktextfm NanumGothicCoding
mktextfm NanumGothicCoding/I
mktextfm NanumGothicCoding
mktextfm NanumGothicCoding
mktextfm NanumGothicCodingBold
mktextfm NanumGothicCodingBold
mktextfm NanumGothicCoding
mktextfm NanumGothicCoding
mktextfm NanumGothicCoding
